This is pdfTeX, Version 3.141592653-2.6-1.40.22 (TeX Live 2021) (preloaded format=pdflatex 2021.12.25)  23 AUG 2022 18:11
entering extended mode
 restricted \write18 enabled.
 %&-line parsing enabled.
**rapport.tex
(./rapport.tex
LaTeX2e <2020-10-01> patch level 4
L3 programming layer <2021-02-18> (./classeENS.cls
(/usr/local/texlive/2021/texmf-dist/tex/latex/base/article.cls
Document Class: article 2020/04/10 v1.4m Standard LaTeX document class
(/usr/local/texlive/2021/texmf-dist/tex/latex/base/size12.clo
File: size12.clo 2020/04/10 v1.4m Standard LaTeX file (size option)
)
\c@part=\count179
\c@section=\count180
\c@subsection=\count181
\c@subsubsection=\count182
\c@paragraph=\count183
\c@subparagraph=\count184
\c@figure=\count185
\c@table=\count186
\abovecaptionskip=\skip47
\belowcaptionskip=\skip48
\bibindent=\dimen138
)
(/usr/local/texlive/2021/texmf-dist/tex/generic/babel/babel.sty
Package: babel 2021/03/24 3.56 The Babel package

(/usr/local/texlive/2021/texmf-dist/tex/generic/babel/babel.def
File: babel.def 2021/03/24 3.56 Babel common definitions
\babel@savecnt=\count187
\U@D=\dimen139
\l@babelnohyphens=\language87

(/usr/local/texlive/2021/texmf-dist/tex/generic/babel/txtbabel.def)
\bbl@readstream=\read2
)
\bbl@dirlevel=\count188

(/usr/local/texlive/2021/texmf-dist/tex/generic/babel-english/english.ldf
Language: english 2017/06/06 v3.3r English support from the babel system
Package babel Info: \l@canadian = using hyphenrules for english
(babel)             (\language0) on input line 102.
Package babel Info: \l@australian = using hyphenrules for ukenglish
(babel)             (\language21) on input line 105.
Package babel Info: \l@newzealand = using hyphenrules for ukenglish
(babel)             (\language21) on input line 108.
))
(/usr/local/texlive/2021/texmf-dist/tex/latex/base/inputenc.sty
Package: inputenc 2020/08/01 v1.3d Input encoding file
\inpenc@prehook=\toks15
\inpenc@posthook=\toks16
)
(/usr/local/texlive/2021/texmf-dist/tex/latex/placeins/placeins.sty
Package: placeins 2005/04/18  v 2.2
)
(/usr/local/texlive/2021/texmf-dist/tex/latex/base/fontenc.sty
Package: fontenc 2020/08/10 v2.0s Standard LaTeX package
)
(/usr/local/texlive/2021/texmf-dist/tex/latex/mathtools/mathtools.sty
Package: mathtools 2021/03/18 v1.25 mathematical typesetting tools

(/usr/local/texlive/2021/texmf-dist/tex/latex/graphics/keyval.sty
Package: keyval 2014/10/28 v1.15 key=value parser (DPC)
\KV@toks@=\toks17
)
(/usr/local/texlive/2021/texmf-dist/tex/latex/tools/calc.sty
Package: calc 2017/05/25 v4.3 Infix arithmetic (KKT,FJ)
\calc@Acount=\count189
\calc@Bcount=\count190
\calc@Adimen=\dimen140
\calc@Bdimen=\dimen141
\calc@Askip=\skip49
\calc@Bskip=\skip50
LaTeX Info: Redefining \setlength on input line 80.
LaTeX Info: Redefining \addtolength on input line 81.
\calc@Ccount=\count191
\calc@Cskip=\skip51
)
(/usr/local/texlive/2021/texmf-dist/tex/latex/mathtools/mhsetup.sty
Package: mhsetup 2021/03/18 v1.4 programming setup (MH)
)
(/usr/local/texlive/2021/texmf-dist/tex/latex/amsmath/amsmath.sty
Package: amsmath 2020/09/23 v2.17i AMS math features
\@mathmargin=\skip52

For additional information on amsmath, use the `?' option.
(/usr/local/texlive/2021/texmf-dist/tex/latex/amsmath/amstext.sty
Package: amstext 2000/06/29 v2.01 AMS text

(/usr/local/texlive/2021/texmf-dist/tex/latex/amsmath/amsgen.sty
File: amsgen.sty 1999/11/30 v2.0 generic functions
\@emptytoks=\toks18
\ex@=\dimen142
))
(/usr/local/texlive/2021/texmf-dist/tex/latex/amsmath/amsbsy.sty
Package: amsbsy 1999/11/29 v1.2d Bold Symbols
\pmbraise@=\dimen143
)
(/usr/local/texlive/2021/texmf-dist/tex/latex/amsmath/amsopn.sty
Package: amsopn 2016/03/08 v2.02 operator names
)
\inf@bad=\count192
LaTeX Info: Redefining \frac on input line 234.
\uproot@=\count193
\leftroot@=\count194
LaTeX Info: Redefining \overline on input line 399.
\classnum@=\count195
\DOTSCASE@=\count196
LaTeX Info: Redefining \ldots on input line 496.
LaTeX Info: Redefining \dots on input line 499.
LaTeX Info: Redefining \cdots on input line 620.
\Mathstrutbox@=\box47
\strutbox@=\box48
\big@size=\dimen144
LaTeX Font Info:    Redeclaring font encoding OML on input line 743.
LaTeX Font Info:    Redeclaring font encoding OMS on input line 744.
\macc@depth=\count197
\c@MaxMatrixCols=\count198
\dotsspace@=\muskip16
\c@parentequation=\count199
\dspbrk@lvl=\count266
\tag@help=\toks19
\row@=\count267
\column@=\count268
\maxfields@=\count269
\andhelp@=\toks20
\eqnshift@=\dimen145
\alignsep@=\dimen146
\tagshift@=\dimen147
\tagwidth@=\dimen148
\totwidth@=\dimen149
\lineht@=\dimen150
\@envbody=\toks21
\multlinegap=\skip53
\multlinetaggap=\skip54
\mathdisplay@stack=\toks22
LaTeX Info: Redefining \[ on input line 2923.
LaTeX Info: Redefining \] on input line 2924.
)
LaTeX Info: Thecontrolsequence`\('isalreadyrobust on input line 130.
LaTeX Info: Thecontrolsequence`\)'isalreadyrobust on input line 130.
LaTeX Info: Thecontrolsequence`\['isalreadyrobust on input line 130.
LaTeX Info: Thecontrolsequence`\]'isalreadyrobust on input line 130.
\g_MT_multlinerow_int=\count270
\l_MT_multwidth_dim=\dimen151
\origjot=\skip55
\l_MT_shortvdotswithinadjustabove_dim=\dimen152
\l_MT_shortvdotswithinadjustbelow_dim=\dimen153
\l_MT_above_intertext_sep=\dimen154
\l_MT_below_intertext_sep=\dimen155
\l_MT_above_shortintertext_sep=\dimen156
\l_MT_below_shortintertext_sep=\dimen157
\xmathstrut@box=\box49
\xmathstrut@dim=\dimen158
)
(/usr/local/texlive/2021/texmf-dist/tex/latex/siunitx/siunitx.sty
(/usr/local/texlive/2021/texmf-dist/tex/latex/l3kernel/expl3.sty
Package: expl3 2021-02-18 L3 programming layer (loader) 

(/usr/local/texlive/2021/texmf-dist/tex/latex/l3backend/l3backend-pdftex.def
File: l3backend-pdftex.def 2021-03-18 L3 backend support: PDF output (pdfTeX)
\l__color_backend_stack_int=\count271
\l__pdf_internal_box=\box50
))
(/usr/local/texlive/2021/texmf-dist/tex/latex/l3packages/xparse/xparse.sty
(/usr/local/texlive/2021/texmf-dist/tex/latex/l3packages/xparse/xparse-2020-10-
01.sty
(/usr/local/texlive/2021/texmf-dist/tex/latex/l3packages/xparse/xparse-generic.
tex)))
Package: siunitx 2020/02/25 v2.8b A comprehensive (SI) units package
 (/usr/local/texlive/2021/texmf-dist/tex/latex/tools/array.sty
Package: array 2020/10/01 v2.5c Tabular extension package (FMi)
\col@sep=\dimen159
\ar@mcellbox=\box51
\extrarowheight=\dimen160
\NC@list=\toks23
\extratabsurround=\skip56
\backup@length=\skip57
\ar@cellbox=\box52
)
(/usr/local/texlive/2021/texmf-dist/tex/latex/l3packages/l3keys2e/l3keys2e.sty
Package: l3keys2e 2021-03-12 LaTeX2e option processing using LaTeX3 keys
)
\l__siunitx_tmp_box=\box53
\l__siunitx_tmp_dim=\dimen161
\l__siunitx_tmp_int=\count272
\l__siunitx_number_mantissa_length_int=\count273
\l__siunitx_number_uncert_length_int=\count274
\l__siunitx_round_int=\count275
\l__siunitx_process_decimal_int=\count276
\l__siunitx_process_uncertainty_int=\count277
\l__siunitx_process_fixed_int=\count278
\l__siunitx_process_integer_min_int=\count279
\l__siunitx_process_precision_int=\count280
\l__siunitx_group_min_int=\count281
\l__siunitx_angle_marker_box=\box54
\l__siunitx_angle_unit_box=\box55
\l__siunitx_angle_marker_dim=\dimen162
\l__siunitx_angle_unit_dim=\dimen163
\l__siunitx_unit_int=\count282
\l__siunitx_unit_denominator_int=\count283
\l__siunitx_unit_numerator_int=\count284
\l__siunitx_unit_prefix_int=\count285
\l__siunitx_unit_prefix_base_int=\count286
\l__siunitx_unit_prefix_gram_int=\count287
\l__siunitx_number_product_int=\count288
\c__siunitx_one_fill_skip=\skip58
\l__siunitx_table_unit_align_skip=\skip59
\l__siunitx_table_exponent_dim=\dimen164
\l__siunitx_table_integer_dim=\dimen165
\l__siunitx_table_mantissa_dim=\dimen166
\l__siunitx_table_marker_dim=\dimen167
\l__siunitx_table_result_dim=\dimen168
\l__siunitx_table_uncert_dim=\dimen169
\l__siunitx_table_fill_pre_dim=\dimen170
\l__siunitx_table_fill_post_dim=\dimen171
\l__siunitx_table_fill_mid_dim=\dimen172
\l__siunitx_table_pre_box=\box56
\l__siunitx_table_post_box=\box57
\l__siunitx_table_mantissa_box=\box58
\l__siunitx_table_result_box=\box59
\l__siunitx_table_number_align_skip=\skip60
\l__siunitx_table_text_align_skip=\skip61
(/usr/local/texlive/2021/texmf-dist/tex/latex/translator/translator.sty
Package: translator 2020-08-03 v1.12c Easy translation of strings in LaTeX
))
(/usr/local/texlive/2021/texmf-dist/tex/latex/float/float.sty
Package: float 2001/11/08 v1.3d Float enhancements (AL)
\c@float@type=\count289
\float@exts=\toks24
\float@box=\box60
\@float@everytoks=\toks25
\@floatcapt=\box61
)
(/usr/local/texlive/2021/texmf-dist/tex/latex/graphics/graphicx.sty
Package: graphicx 2020/09/09 v1.2b Enhanced LaTeX Graphics (DPC,SPQR)

(/usr/local/texlive/2021/texmf-dist/tex/latex/graphics/graphics.sty
Package: graphics 2020/08/30 v1.4c Standard LaTeX Graphics (DPC,SPQR)

(/usr/local/texlive/2021/texmf-dist/tex/latex/graphics/trig.sty
Package: trig 2016/01/03 v1.10 sin cos tan (DPC)
)
(/usr/local/texlive/2021/texmf-dist/tex/latex/graphics-cfg/graphics.cfg
File: graphics.cfg 2016/06/04 v1.11 sample graphics configuration
)
Package graphics Info: Driver file: pdftex.def on input line 105.

(/usr/local/texlive/2021/texmf-dist/tex/latex/graphics-def/pdftex.def
File: pdftex.def 2020/10/05 v1.2a Graphics/color driver for pdftex
))
\Gin@req@height=\dimen173
\Gin@req@width=\dimen174
)
(/usr/local/texlive/2021/texmf-dist/tex/latex/caption/caption.sty
Package: caption 2020/10/26 v3.5g Customizing captions (AR)

(/usr/local/texlive/2021/texmf-dist/tex/latex/caption/caption3.sty
Package: caption3 2020/10/21 v2.2e caption3 kernel (AR)
\captionmargin=\dimen175
\captionmargin@=\dimen176
\captionwidth=\dimen177
\caption@tempdima=\dimen178
\caption@indent=\dimen179
\caption@parindent=\dimen180
\caption@hangindent=\dimen181
Package caption Info: Standard document class detected.
)
\c@caption@flags=\count290
\c@continuedfloat=\count291
Package caption Info: float package is loaded.
)
(/usr/local/texlive/2021/texmf-dist/tex/latex/caption/subcaption.sty
Package: subcaption 2020/10/07 v1.3j Sub-captions (AR)
\c@subfigure=\count292
\c@subtable=\count293
)
(/usr/local/texlive/2021/texmf-dist/tex/latex/wallpaper/wallpaper.sty
Package: wallpaper 2005/01/18, v1.01 easy wallpaper formatting (MHFW)

(/usr/local/texlive/2021/texmf-dist/tex/latex/base/ifthen.sty
Package: ifthen 2014/09/29 v1.1c Standard LaTeX ifthen package (DPC)
)
(/usr/local/texlive/2021/texmf-dist/tex/latex/eso-pic/eso-pic.sty
Package: eso-pic 2020/10/14 v3.0a eso-pic (RN)
\ESO@tempdima=\dimen182
\ESO@tempdimb=\dimen183

(/usr/local/texlive/2021/texmf-dist/tex/latex/xcolor/xcolor.sty
Package: xcolor 2016/05/11 v2.12 LaTeX color extensions (UK)

(/usr/local/texlive/2021/texmf-dist/tex/latex/graphics-cfg/color.cfg
File: color.cfg 2016/01/02 v1.6 sample color configuration
)
Package xcolor Info: Driver file: pdftex.def on input line 225.
Package xcolor Info: Model `cmy' substituted by `cmy0' on input line 1348.
Package xcolor Info: Model `hsb' substituted by `rgb' on input line 1352.
Package xcolor Info: Model `RGB' extended on input line 1364.
Package xcolor Info: Model `HTML' substituted by `rgb' on input line 1366.
Package xcolor Info: Model `Hsb' substituted by `hsb' on input line 1367.
Package xcolor Info: Model `tHsb' substituted by `hsb' on input line 1368.
Package xcolor Info: Model `HSB' substituted by `hsb' on input line 1369.
Package xcolor Info: Model `Gray' substituted by `gray' on input line 1370.
Package xcolor Info: Model `wave' substituted by `hsb' on input line 1371.
))
\wpXoffset=\skip62
\wpYoffset=\skip63
\tileXoffset=\skip64
\tileYoffset=\skip65
\tilewidth=\skip66
\tileheight=\skip67
\tileX=\skip68
\tileY=\skip69
)
(/usr/local/texlive/2021/texmf-dist/tex/latex/nomencl/nomencl.sty
Package: nomencl 2020/12/29 v5.5 Nomenclature package

(/usr/local/texlive/2021/texmf-dist/tex/latex/xkeyval/xkeyval.sty
Package: xkeyval 2020/11/20 v2.8 package option processing (HA)

(/usr/local/texlive/2021/texmf-dist/tex/generic/xkeyval/xkeyval.tex
(/usr/local/texlive/2021/texmf-dist/tex/generic/xkeyval/xkvutils.tex
\XKV@toks=\toks26
\XKV@tempa@toks=\toks27
)
\XKV@depth=\count294
File: xkeyval.tex 2014/12/03 v2.7a key=value parser (HA)
))
(/usr/local/texlive/2021/texmf-dist/tex/latex/koma-script/tocbasic.sty
Package: tocbasic 2021/03/17 v3.33 KOMA-Script package (handling toc-files)

(/usr/local/texlive/2021/texmf-dist/tex/latex/koma-script/scrbase.sty
Package: scrbase 2021/03/17 v3.33 KOMA-Script package (KOMA-Script-independent 
basics and keyval usage)

(/usr/local/texlive/2021/texmf-dist/tex/latex/koma-script/scrlfile.sty
Package: scrlfile 2021/03/17 v3.33 KOMA-Script package (file load hooks)

(/usr/local/texlive/2021/texmf-dist/tex/latex/koma-script/scrlfile-hook.sty
Package: scrlfile-hook 2021/03/17 v3.33 KOMA-Script package (using LaTeX hooks)


(/usr/local/texlive/2021/texmf-dist/tex/latex/koma-script/scrlogo.sty
Package: scrlogo 2021/03/17 v3.33 KOMA-Script package (logo)
)))
Skipping: [2021/05/01] Usage of raw option list on input line 252.
Applying: [0000/00/00] compatibility for LaTeX before 2021/05/01 on input line 
337.
)
\scr@dte@tocline@numberwidth=\skip70
\scr@dte@tocline@numbox=\box62
)
Package tocbasic Info: setting babel extension for `nlo' on input line 187.
Package tocbasic Info: setting babel extension for `nls' on input line 188.
\nomlabelwidth=\dimen184
\nom@tempdim=\dimen185
\nomitemsep=\skip71
)
(/usr/local/texlive/2021/texmf-dist/tex/latex/fancyhdr/fancyhdr.sty
Package: fancyhdr 2021/01/28 v4.0.1 Extensive control of page headers and foote
rs
\f@nch@headwidth=\skip72
\f@nch@O@elh=\skip73
\f@nch@O@erh=\skip74
\f@nch@O@olh=\skip75
\f@nch@O@orh=\skip76
\f@nch@O@elf=\skip77
\f@nch@O@erf=\skip78
\f@nch@O@olf=\skip79
\f@nch@O@orf=\skip80
)
(/usr/local/texlive/2021/texmf-dist/tex/latex/url/url.sty
\Urlmuskip=\muskip17
Package: url 2013/09/16  ver 3.4  Verb mode for urls, etc.
)
(/usr/local/texlive/2021/texmf-dist/tex/latex/hyperref/hyperref.sty
Package: hyperref 2021-02-27 v7.00k Hypertext links for LaTeX

(/usr/local/texlive/2021/texmf-dist/tex/generic/ltxcmds/ltxcmds.sty
Package: ltxcmds 2020-05-10 v1.25 LaTeX kernel commands for general use (HO)
)
(/usr/local/texlive/2021/texmf-dist/tex/generic/iftex/iftex.sty
Package: iftex 2020/03/06 v1.0d TeX engine tests
)
(/usr/local/texlive/2021/texmf-dist/tex/generic/pdftexcmds/pdftexcmds.sty
Package: pdftexcmds 2020-06-27 v0.33 Utility functions of pdfTeX for LuaTeX (HO
)

(/usr/local/texlive/2021/texmf-dist/tex/generic/infwarerr/infwarerr.sty
Package: infwarerr 2019/12/03 v1.5 Providing info/warning/error messages (HO)
)
Package pdftexcmds Info: \pdf@primitive is available.
Package pdftexcmds Info: \pdf@ifprimitive is available.
Package pdftexcmds Info: \pdfdraftmode found.
)
(/usr/local/texlive/2021/texmf-dist/tex/generic/kvsetkeys/kvsetkeys.sty
Package: kvsetkeys 2019/12/15 v1.18 Key value parser (HO)
)
(/usr/local/texlive/2021/texmf-dist/tex/generic/kvdefinekeys/kvdefinekeys.sty
Package: kvdefinekeys 2019-12-19 v1.6 Define keys (HO)
)
(/usr/local/texlive/2021/texmf-dist/tex/generic/pdfescape/pdfescape.sty
Package: pdfescape 2019/12/09 v1.15 Implements pdfTeX's escape features (HO)
)
(/usr/local/texlive/2021/texmf-dist/tex/latex/hycolor/hycolor.sty
Package: hycolor 2020-01-27 v1.10 Color options for hyperref/bookmark (HO)
)
(/usr/local/texlive/2021/texmf-dist/tex/latex/letltxmacro/letltxmacro.sty
Package: letltxmacro 2019/12/03 v1.6 Let assignment for LaTeX macros (HO)
)
(/usr/local/texlive/2021/texmf-dist/tex/latex/auxhook/auxhook.sty
Package: auxhook 2019-12-17 v1.6 Hooks for auxiliary files (HO)
)
(/usr/local/texlive/2021/texmf-dist/tex/latex/kvoptions/kvoptions.sty
Package: kvoptions 2020-10-07 v3.14 Key value format for package options (HO)
)
\@linkdim=\dimen186
\Hy@linkcounter=\count295
\Hy@pagecounter=\count296

(/usr/local/texlive/2021/texmf-dist/tex/latex/hyperref/pd1enc.def
File: pd1enc.def 2021-02-27 v7.00k Hyperref: PDFDocEncoding definition (HO)
Now handling font encoding PD1 ...
... no UTF-8 mapping file for font encoding PD1
)
(/usr/local/texlive/2021/texmf-dist/tex/latex/hyperref/hyperref-langpatches.def
File: hyperref-langpatches.def 2021-02-27 v7.00k Hyperref: patches for babel la
nguages
) (/usr/local/texlive/2021/texmf-dist/tex/generic/intcalc/intcalc.sty
Package: intcalc 2019/12/15 v1.3 Expandable calculations with integers (HO)
)
(/usr/local/texlive/2021/texmf-dist/tex/generic/etexcmds/etexcmds.sty
Package: etexcmds 2019/12/15 v1.7 Avoid name clashes with e-TeX commands (HO)
)
\Hy@SavedSpaceFactor=\count297

(/usr/local/texlive/2021/texmf-dist/tex/latex/hyperref/puenc.def
File: puenc.def 2021-02-27 v7.00k Hyperref: PDF Unicode definition (HO)
Now handling font encoding PU ...
... no UTF-8 mapping file for font encoding PU
)
Package hyperref Info: Hyper figures OFF on input line 4192.
Package hyperref Info: Link nesting OFF on input line 4197.
Package hyperref Info: Hyper index ON on input line 4200.
Package hyperref Info: Plain pages OFF on input line 4207.
Package hyperref Info: Backreferencing OFF on input line 4212.
Package hyperref Info: Implicit mode ON; LaTeX internals redefined.
Package hyperref Info: Bookmarks ON on input line 4445.
\c@Hy@tempcnt=\count298
LaTeX Info: Redefining \url on input line 4804.
\XeTeXLinkMargin=\dimen187

(/usr/local/texlive/2021/texmf-dist/tex/generic/bitset/bitset.sty
Package: bitset 2019/12/09 v1.3 Handle bit-vector datatype (HO)

(/usr/local/texlive/2021/texmf-dist/tex/generic/bigintcalc/bigintcalc.sty
Package: bigintcalc 2019/12/15 v1.5 Expandable calculations on big integers (HO
)
))
\Fld@menulength=\count299
\Field@Width=\dimen188
\Fld@charsize=\dimen189
Package hyperref Info: Hyper figures OFF on input line 6075.
Package hyperref Info: Link nesting OFF on input line 6080.
Package hyperref Info: Hyper index ON on input line 6083.
Package hyperref Info: backreferencing OFF on input line 6090.
Package hyperref Info: Link coloring OFF on input line 6095.
Package hyperref Info: Link coloring with OCG OFF on input line 6100.
Package hyperref Info: PDF/A mode OFF on input line 6105.
LaTeX Info: Redefining \ref on input line 6145.
LaTeX Info: Redefining \pageref on input line 6149.

(/usr/local/texlive/2021/texmf-dist/tex/latex/base/atbegshi-ltx.sty
Package: atbegshi-ltx 2020/08/17 v1.0a Emulation of the original atbegshi packa
ge
with kernel methods
)
\Hy@abspage=\count300
\c@Item=\count301
\c@Hfootnote=\count302
)
Package hyperref Info: Driver (autodetected): hpdftex.

(/usr/local/texlive/2021/texmf-dist/tex/latex/hyperref/hpdftex.def
File: hpdftex.def 2021-02-27 v7.00k Hyperref driver for pdfTeX

(/usr/local/texlive/2021/texmf-dist/tex/latex/base/atveryend-ltx.sty
Package: atveryend-ltx 2020/08/19 v1.0a Emulation of the original atvery packag
e
with kernel methods
)
\Fld@listcount=\count303
\c@bookmark@seq@number=\count304

(/usr/local/texlive/2021/texmf-dist/tex/latex/rerunfilecheck/rerunfilecheck.sty
Package: rerunfilecheck 2019/12/05 v1.9 Rerun checks for auxiliary files (HO)

(/usr/local/texlive/2021/texmf-dist/tex/generic/uniquecounter/uniquecounter.sty
Package: uniquecounter 2019/12/15 v1.4 Provide unlimited unique counter (HO)
)
Package uniquecounter Info: New unique counter `rerunfilecheck' on input line 2
86.
)
\Hy@SectionHShift=\skip81
) (/usr/local/texlive/2021/texmf-dist/tex/latex/geometry/geometry.sty
Package: geometry 2020/01/02 v5.9 Page Geometry

(/usr/local/texlive/2021/texmf-dist/tex/generic/iftex/ifvtex.sty
Package: ifvtex 2019/10/25 v1.7 ifvtex legacy package. Use iftex instead.
)
\Gm@cnth=\count305
\Gm@cntv=\count306
\c@Gm@tempcnt=\count307
\Gm@bindingoffset=\dimen190
\Gm@wd@mp=\dimen191
\Gm@odd@mp=\dimen192
\Gm@even@mp=\dimen193
\Gm@layoutwidth=\dimen194
\Gm@layoutheight=\dimen195
\Gm@layouthoffset=\dimen196
\Gm@layoutvoffset=\dimen197
\Gm@dimlist=\toks28
)
(/usr/local/texlive/2021/texmf-dist/tex/latex/changepage/changepage.sty
Package: changepage 2009/10/20 v1.0c check page and change page layout
\c@cp@cntr=\count308
\cp@tempcnt=\count309
)
(/usr/local/texlive/2021/texmf-dist/tex/latex/pdftricks2/pdftricks2.sty
Package: pdftricks2 2013/06/7 1.01 psTricks support in PDF
\ps@figno=\count310
\psconfigs@out=\write3

(/usr/local/texlive/2021/texmf-dist/tex/latex/pstricks/pstricks.sty
Package: pstricks 2020/06/11 v0.70 LaTeX wrapper for `PSTricks' (RN,HV)

(/usr/local/texlive/2021/texmf-dist/tex/generic/xkeyval/pst-xkey.tex
File: pst-xkey.tex 2005/11/25 v1.6 PSTricks specialization of xkeyval (HA)
)
(/usr/local/texlive/2021/texmf-dist/tex/generic/pstricks/pstricks.tex
(/usr/local/texlive/2021/texmf-dist/tex/generic/pstricks/pst-fp.tex
`pst-fp' v0.05, 2010/01/17 (hv)
\pstFP@xs=\count311
\pstFP@xia=\count312
\pstFP@xib=\count313
\pstFP@xfa=\count314
\pstFP@xfb=\count315
\pstFP@rega=\count316
\pstFP@regb=\count317
\pstFP@regs=\count318
\pstFP@times=\count319
)
(/usr/local/texlive/2021/texmf-dist/tex/generic/pgf/utilities/pgfutil-common.te
x
\pgfutil@everybye=\toks29
\pgfutil@tempdima=\dimen198
\pgfutil@tempdimb=\dimen199

(/usr/local/texlive/2021/texmf-dist/tex/generic/pgf/utilities/pgfutil-common-li
sts.tex))
(/usr/local/texlive/2021/texmf-dist/tex/generic/pgf/utilities/pgfkeys.code.tex
\pgfkeys@pathtoks=\toks30
\pgfkeys@temptoks=\toks31

(/usr/local/texlive/2021/texmf-dist/tex/generic/pgf/utilities/pgfkeysfiltered.c
ode.tex
\pgfkeys@tmptoks=\toks32
))
(/usr/local/texlive/2021/texmf-dist/tex/generic/pgf/utilities/pgffor.code.tex
Loading pgffor.code.tex
(/usr/local/texlive/2021/texmf-dist/tex/generic/pgf/math/pgfmath.code.tex
(/usr/local/texlive/2021/texmf-dist/tex/generic/pgf/math/pgfmathcalc.code.tex
(/usr/local/texlive/2021/texmf-dist/tex/generic/pgf/math/pgfmathutil.code.tex
\pgf@x=\dimen256
\pgf@xa=\dimen257
\pgf@xb=\dimen258
\pgf@xc=\dimen259
\pgf@y=\dimen260
\pgf@ya=\dimen261
\pgf@yb=\dimen262
\pgf@yc=\dimen263
\c@pgf@counta=\count320
\c@pgf@countb=\count321
\c@pgf@countc=\count322
\c@pgf@countd=\count323
\pgfutil@tempcnta=\count324
\pgfutil@tempcntb=\count325
)
(/usr/local/texlive/2021/texmf-dist/tex/generic/pgf/math/pgfmathparser.code.tex
\pgfmath@dimen=\dimen264
\pgfmath@count=\count326
\pgfmath@box=\box63
\pgfmath@toks=\toks33
\pgfmath@stack@operand=\toks34
\pgfmath@stack@operation=\toks35
)
(/usr/local/texlive/2021/texmf-dist/tex/generic/pgf/math/pgfmathfunctions.code.
tex
(/usr/local/texlive/2021/texmf-dist/tex/generic/pgf/math/pgfmathfunctions.basic
.code.tex)
(/usr/local/texlive/2021/texmf-dist/tex/generic/pgf/math/pgfmathfunctions.trigo
nometric.code.tex)
(/usr/local/texlive/2021/texmf-dist/tex/generic/pgf/math/pgfmathfunctions.rando
m.code.tex)
(/usr/local/texlive/2021/texmf-dist/tex/generic/pgf/math/pgfmathfunctions.compa
rison.code.tex)
(/usr/local/texlive/2021/texmf-dist/tex/generic/pgf/math/pgfmathfunctions.base.
code.tex)
(/usr/local/texlive/2021/texmf-dist/tex/generic/pgf/math/pgfmathfunctions.round
.code.tex)
(/usr/local/texlive/2021/texmf-dist/tex/generic/pgf/math/pgfmathfunctions.misc.
code.tex)
(/usr/local/texlive/2021/texmf-dist/tex/generic/pgf/math/pgfmathfunctions.integ
erarithmetics.code.tex)))
(/usr/local/texlive/2021/texmf-dist/tex/generic/pgf/math/pgfmathfloat.code.tex
\c@pgfmathroundto@lastzeros=\count327
))
\pgffor@iter=\dimen265
\pgffor@skip=\dimen266
\pgffor@stack=\toks36
\pgffor@toks=\toks37
)
\psLoopIndex=\count328

`PSTricks' v3.01  <2020/09/18> (tvz,hv)
\pst@dima=\dimen267
\pst@dimb=\dimen268
\pst@dimc=\dimen269
\pst@dimd=\dimen270
\pst@dimg=\dimen271
\pst@dimh=\dimen272
\pst@dimm=\dimen273
\pst@dimn=\dimen274
\pst@dimo=\dimen275
\pst@dimp=\dimen276
\pst@hbox=\box64
\pst@ibox=\box65
\pst@boxg=\box66
\pst@cnta=\count329
\pst@cntb=\count330
\pst@cntc=\count331
\pst@cntd=\count332
\pst@cntg=\count333
\pst@cnth=\count334
\pst@cntm=\count335
\pst@cntn=\count336
\pst@cnto=\count337
\pst@cntp=\count338
\@zero=\count339
\pst@toks=\toks38
(/usr/local/texlive/2021/texmf-dist/tex/generic/pstricks/pstricks.con)
\psunit=\dimen277
\psxunit=\dimen278
\psyunit=\dimen279
\pst@C@@rType=\count340
\pslinewidth=\dimen280
\psk@startLW=\dimen281
\psk@endLW=\dimen282
\pst@customdefs=\toks39
\pslinearc=\dimen283
\pst@symbolStep=\dimen284
\pst@symbolWidth=\dimen285
\pst@symbolLinewidth=\dimen286
\everypsbox=\toks40
\psframesep=\dimen287
\pslabelsep=\dimen288
\sh@wgridXunit=\dimen289
\sh@wgridYunit=\dimen290
\pst@shift=\dimen291
)
File: pstricks.tex 2020/09/18 v3.01 `PSTricks' (tvz,hv)

(/usr/local/texlive/2021/texmf-dist/tex/generic/pstricks/pst-fp.tex)
File: pst-fp.tex 2020/09/18 v3.01 `PST-fp' (hv)
)
(/usr/local/texlive/2021/texmf-dist/tex/generic/iftex/ifpdf.sty
Package: ifpdf 2019/10/25 v3.4 ifpdf legacy package. Use iftex instead.
)
(/usr/local/texlive/2021/texmf-dist/tex/latex/moreverb/moreverb.sty
Package: moreverb 2008/06/03 v2.3a `more' verbatim facilities

(/usr/local/texlive/2021/texmf-dist/tex/latex/tools/verbatim.sty
Package: verbatim 2020-07-07 v1.5u LaTeX2e package for verbatim enhancements
\every@verbatim=\toks41
\verbatim@line=\toks42
\verbatim@in@stream=\read3
)
\tab@position=\count341
\tab@size=\count342
\listing@line=\count343
)
(/usr/local/texlive/2021/texmf-dist/tex/latex/ifplatform/ifplatform.sty
Package: ifplatform 2017/10/13 v0.4a Testing for the operating system

(/usr/local/texlive/2021/texmf-dist/tex/latex/tools/shellesc.sty
Package: shellesc 2019/11/08 v1.0c unified shell escape interface for LaTeX
Package shellesc Info: Restricted shell escape enabled on input line 77.
)
(/usr/local/texlive/2021/texmf-dist/tex/generic/catchfile/catchfile.sty
Package: catchfile 2019/12/09 v1.8 Catch the contents of a file (HO)
)
(/usr/local/texlive/2021/texmf-dist/tex/generic/iftex/ifluatex.sty
Package: ifluatex 2019/10/25 v1.5 ifluatex legacy package. Use iftex instead.
)

Package ifplatform Warning: 
    shell escape is disabled, so I can only detect \ifwindows.

)
\verbatim@out=\write4


Package pdftricks2 Warning: ****************************************
(pdftricks2)                No \write 18 capability.
(pdftricks2)                You'll have to run a script by yourself!
(pdftricks2)                ****************************************.

\grouping@depth=\count344
) (/usr/local/texlive/2021/texmf-dist/tex/latex/enumitem/enumitem.sty
Package: enumitem 2019/06/20 v3.9 Customized lists
\labelindent=\skip82
\enit@outerparindent=\dimen292
\enit@toks=\toks43
\enit@inbox=\box67
\enit@count@id=\count345
\enitdp@description=\count346
)
(/usr/local/texlive/2021/texmf-dist/tex/latex/IEEEtran/IEEEtrantools.sty
Package: IEEEtrantools 2015/08/26 V1.5 by Michael Shell

-- See the "IEEEtrantools_doc.txt" manual for usage information.
-- http://www.michaelshell.org/tex/ieeetran/tools/
\@IEEEtrantmpdimenA=\dimen293
\@IEEEtrantmpdimenB=\dimen294
\@IEEEtrantmpdimenC=\dimen295
\@IEEEtrantmpcountA=\count347
\@IEEEtrantmpcountB=\count348
\@IEEEtrantmpcountC=\count349
\@IEEEtrantmptoksA=\toks44
\IEEEnormaljot=\dimen296
\IEEEquantizedlength=\dimen297
\IEEEquantizedlengthdiff=\dimen298
\IEEEquantizedtextheightdiff=\dimen299
\IEEEilabelindentA=\dimen300
\IEEEilabelindentB=\dimen301
\IEEEilabelindent=\dimen302
\IEEEelabelindent=\dimen303
\IEEEdlabelindent=\dimen304
\IEEElabelindent=\dimen305
\IEEEiednormlabelsep=\dimen306
\IEEEiedmathlabelsep=\dimen307
\IEEEiedtopsep=\skip83
\c@IEEEsubequation=\count350
\@IEEEeqnnumcols=\count351
\@IEEEeqncolcnt=\count352
\@IEEEsubeqnnumrollback=\count353
\IEEEPARstartletwidth=\dimen308
) (/usr/local/texlive/2021/texmf-dist/tex/latex/amsfonts/amsfonts.sty
Package: amsfonts 2013/01/14 v3.01 Basic AMSFonts support
\symAMSa=\mathgroup4
\symAMSb=\mathgroup5
LaTeX Font Info:    Redeclaring math symbol \hbar on input line 98.
LaTeX Font Info:    Overwriting math alphabet `\mathfrak' in version `bold'
(Font)                  U/euf/m/n --> U/euf/b/n on input line 106.
))
(/usr/local/texlive/2021/texmf-dist/tex/latex/lipsum/lipsum.sty
Package: lipsum 2021-03-03 v2.3 150 paragraphs of Lorem Ipsum dummy text

(/usr/local/texlive/2021/texmf-dist/tex/latex/lipsum/lipsum.ltd.tex
File: lipsum.ltd.tex 2021-03-03 v2.3 The Lorem ipsum dummy text
))
(/usr/local/texlive/2021/texmf-dist/tex/latex/biblatex/biblatex.sty
Package: biblatex 2020/12/31 v3.16 programmable bibliographies (PK/MW)

(/usr/local/texlive/2021/texmf-dist/tex/latex/etoolbox/etoolbox.sty
Package: etoolbox 2020/10/05 v2.5k e-TeX tools for LaTeX (JAW)
\etb@tempcnta=\count354
)
(/usr/local/texlive/2021/texmf-dist/tex/latex/logreq/logreq.sty
Package: logreq 2010/08/04 v1.0 xml request logger
\lrq@indent=\count355

(/usr/local/texlive/2021/texmf-dist/tex/latex/logreq/logreq.def
File: logreq.def 2010/08/04 v1.0 logreq spec v1.0
))
\c@tabx@nest=\count356
\c@listtotal=\count357
\c@listcount=\count358
\c@liststart=\count359
\c@liststop=\count360
\c@citecount=\count361
\c@citetotal=\count362
\c@multicitecount=\count363
\c@multicitetotal=\count364
\c@instcount=\count365
\c@maxnames=\count366
\c@minnames=\count367
\c@maxitems=\count368
\c@minitems=\count369
\c@citecounter=\count370
\c@maxcitecounter=\count371
\c@savedcitecounter=\count372
\c@uniquelist=\count373
\c@uniquename=\count374
\c@refsection=\count375
\c@refsegment=\count376
\c@maxextratitle=\count377
\c@maxextratitleyear=\count378
\c@maxextraname=\count379
\c@maxextradate=\count380
\c@maxextraalpha=\count381
\c@abbrvpenalty=\count382
\c@highnamepenalty=\count383
\c@lownamepenalty=\count384
\c@maxparens=\count385
\c@parenlevel=\count386
\blx@tempcnta=\count387
\blx@tempcntb=\count388
\blx@tempcntc=\count389
\blx@maxsection=\count390
\blx@maxsegment@0=\count391
\blx@notetype=\count392
\blx@parenlevel@text=\count393
\blx@parenlevel@foot=\count394
\blx@sectionciteorder@0=\count395
\blx@entrysetcounter=\count396
\blx@biblioinstance=\count397
\labelnumberwidth=\skip84
\labelalphawidth=\skip85
\biblabelsep=\skip86
\bibitemsep=\skip87
\bibnamesep=\skip88
\bibinitsep=\skip89
\bibparsep=\skip90
\bibhang=\skip91
\blx@bcfin=\read4
\blx@bcfout=\write5
\blx@langwohyphens=\language88
\c@mincomprange=\count398
\c@maxcomprange=\count399
\c@mincompwidth=\count400
Package biblatex Info: Trying to load biblatex default data model...
Package biblatex Info: ... file 'blx-dm.def' found.

(/usr/local/texlive/2021/texmf-dist/tex/latex/biblatex/blx-dm.def
File: blx-dm.def 2020/12/31 v3.16 biblatex localization (PK/MW)
)
Package biblatex Info: Trying to load biblatex style data model...
Package biblatex Info: ... file 'authoryear.dbx' not found.
Package biblatex Info: Trying to load biblatex custom data model...
Package biblatex Info: ... file 'biblatex-dm.cfg' not found.
\c@afterword=\count401
\c@savedafterword=\count402
\c@annotator=\count403
\c@savedannotator=\count404
\c@author=\count405
\c@savedauthor=\count406
\c@bookauthor=\count407
\c@savedbookauthor=\count408
\c@commentator=\count409
\c@savedcommentator=\count410
\c@editor=\count411
\c@savededitor=\count412
\c@editora=\count413
\c@savededitora=\count414
\c@editorb=\count415
\c@savededitorb=\count416
\c@editorc=\count417
\c@savededitorc=\count418
\c@foreword=\count419
\c@savedforeword=\count420
\c@holder=\count421
\c@savedholder=\count422
\c@introduction=\count423
\c@savedintroduction=\count424
\c@namea=\count425
\c@savednamea=\count426
\c@nameb=\count427
\c@savednameb=\count428
\c@namec=\count429
\c@savednamec=\count430
\c@translator=\count431
\c@savedtranslator=\count432
\c@shortauthor=\count433
\c@savedshortauthor=\count434
\c@shorteditor=\count435
\c@savedshorteditor=\count436
\c@labelname=\count437
\c@savedlabelname=\count438
\c@institution=\count439
\c@savedinstitution=\count440
\c@lista=\count441
\c@savedlista=\count442
\c@listb=\count443
\c@savedlistb=\count444
\c@listc=\count445
\c@savedlistc=\count446
\c@listd=\count447
\c@savedlistd=\count448
\c@liste=\count449
\c@savedliste=\count450
\c@listf=\count451
\c@savedlistf=\count452
\c@location=\count453
\c@savedlocation=\count454
\c@organization=\count455
\c@savedorganization=\count456
\c@origlocation=\count457
\c@savedoriglocation=\count458
\c@origpublisher=\count459
\c@savedorigpublisher=\count460
\c@publisher=\count461
\c@savedpublisher=\count462
\c@language=\count463
\c@savedlanguage=\count464
\c@origlanguage=\count465
\c@savedoriglanguage=\count466
\c@pageref=\count467
\c@savedpageref=\count468
\shorthandwidth=\skip92
\shortjournalwidth=\skip93
\shortserieswidth=\skip94
\shorttitlewidth=\skip95
\shortauthorwidth=\skip96
\shorteditorwidth=\skip97
\locallabelnumberwidth=\skip98
\locallabelalphawidth=\skip99
\localshorthandwidth=\skip100
\localshortjournalwidth=\skip101
\localshortserieswidth=\skip102
\localshorttitlewidth=\skip103
\localshortauthorwidth=\skip104
\localshorteditorwidth=\skip105
Package biblatex Info: Trying to load compatibility code...
Package biblatex Info: ... file 'blx-compat.def' found.

(/usr/local/texlive/2021/texmf-dist/tex/latex/biblatex/blx-compat.def
File: blx-compat.def 2020/12/31 v3.16 biblatex compatibility (PK/MW)
)
Package biblatex Info: Trying to load BibTeX backend compatibility...
Package biblatex Info: ... file 'blx-bibtex.def' found.

(/usr/local/texlive/2021/texmf-dist/tex/latex/biblatex/blx-bibtex.def
File: blx-bibtex.def 2020/12/31 v3.16 biblatex compatibility (PK/MW)


Package biblatex Warning: Using fall-back BibTeX(8) backend:
(biblatex)                functionality may be reduced/unavailable.

)
Package biblatex Info: Trying to load generic definitions...
Package biblatex Info: ... file 'biblatex.def' found.
 (/usr/local/texlive/2021/texmf-dist/tex/latex/biblatex/biblatex.def
File: biblatex.def 2020/12/31 v3.16 biblatex compatibility (PK/MW)
\c@textcitecount=\count469
\c@textcitetotal=\count470
\c@textcitemaxnames=\count471
\c@biburlbigbreakpenalty=\count472
\c@biburlbreakpenalty=\count473
\c@biburlnumpenalty=\count474
\c@biburlucpenalty=\count475
\c@biburllcpenalty=\count476
\biburlbigskip=\muskip18
\biburlnumskip=\muskip19
\biburlucskip=\muskip20
\biburllcskip=\muskip21
\c@smartand=\count477
)
Package biblatex Info: Trying to load natbib compatibility...
Package biblatex Info: ... file 'blx-natbib.def' found.

(/usr/local/texlive/2021/texmf-dist/tex/latex/biblatex/blx-natbib.def
File: blx-natbib.def 2020/12/31 v3.16 biblatex compatibility (PK/MW)
Package biblatex Info: Delimiter 'nameyeardelim' in context '' already defined,
 overwriting.
)
Package biblatex Info: Trying to load bibliography style 'authoryear'...
Package biblatex Info: ... file 'authoryear.bbx' found.

(/usr/local/texlive/2021/texmf-dist/tex/latex/biblatex/bbx/authoryear.bbx
File: authoryear.bbx 2020/12/31 v3.16 biblatex bibliography style (PK/MW)
Package biblatex Info: Trying to load bibliography style 'standard'...
Package biblatex Info: ... file 'standard.bbx' found.

(/usr/local/texlive/2021/texmf-dist/tex/latex/biblatex/bbx/standard.bbx
File: standard.bbx 2020/12/31 v3.16 biblatex bibliography style (PK/MW)
\c@bbx:relatedcount=\count478
\c@bbx:relatedtotal=\count479
))
Package biblatex Info: Trying to load citation style 'authoryear'...
Package biblatex Info: ... file 'authoryear.cbx' found.

(/usr/local/texlive/2021/texmf-dist/tex/latex/biblatex/cbx/authoryear.cbx
File: authoryear.cbx 2020/12/31 v3.16 biblatex citation style (PK/MW)
Package biblatex Info: Redefining '\cite'.
Package biblatex Info: Redefining '\parencite'.
Package biblatex Info: Redefining '\footcite'.
Package biblatex Info: Redefining '\footcitetext'.
Package biblatex Info: Redefining '\smartcite'.
Package biblatex Info: Redefining '\textcite'.
Package biblatex Info: Redefining '\textcites'.
)
Package biblatex Info: Trying to load configuration file...
Package biblatex Info: ... file 'biblatex.cfg' found.

(/usr/local/texlive/2021/texmf-dist/tex/latex/biblatex/biblatex.cfg
File: biblatex.cfg 
))
(/usr/local/texlive/2021/texmf-dist/tex/latex/csquotes/csquotes.sty
Package: csquotes 2021-02-22 v5.2l context-sensitive quotations (JAW)
\csq@reset=\count480
\csq@gtype=\count481
\csq@glevel=\count482
\csq@qlevel=\count483
\csq@maxlvl=\count484
\csq@tshold=\count485
\csq@ltx@everypar=\toks45

(/usr/local/texlive/2021/texmf-dist/tex/latex/csquotes/csquotes.def
File: csquotes.def 2021-02-22 v5.2l csquotes generic definitions (JAW)
)
Package csquotes Info: Trying to load configuration file 'csquotes.cfg'...
Package csquotes Info: ... configuration file loaded successfully.

(/usr/local/texlive/2021/texmf-dist/tex/latex/csquotes/csquotes.cfg
File: csquotes.cfg 
)
Package csquotes Info: Enabling multilingual quotes.
)
(/usr/local/texlive/2021/texmf-dist/tex/latex/algorithms/algorithm.sty
Package: algorithm 2009/08/24 v0.1 Document Style `algorithm' - floating enviro
nment
\@float@every@algorithm=\toks46
\c@algorithm=\count486
)
(/usr/local/texlive/2021/texmf-dist/tex/latex/algorithmicx/algorithmicx.sty
Package: algorithmicx 2005/04/27 v1.2 Algorithmicx

Document Style algorithmicx 1.2 - a greatly improved `algorithmic' style
\c@ALG@line=\count487
\c@ALG@rem=\count488
\c@ALG@nested=\count489
\ALG@tlm=\skip106
\ALG@thistlm=\skip107
\c@ALG@Lnr=\count490
\c@ALG@blocknr=\count491
\c@ALG@storecount=\count492
\c@ALG@tmpcounter=\count493
\ALG@tmplength=\skip108
) (/usr/local/texlive/2021/texmf-dist/tex/latex/algorithmicx/algpseudocode.sty
Package: algpseudocode 

Document Style - pseudocode environments for use with the `algorithmicx' style
) (/usr/local/texlive/2021/texmf-dist/tex/latex/amsfonts/amssymb.sty
Package: amssymb 2013/01/14 v3.01 AMS font symbols
)
(/usr/local/texlive/2021/texmf-dist/tex/latex/comment/comment.sty
\CommentStream=\write6

Excluding comment 'comment')
(/usr/local/texlive/2021/texmf-dist/tex/latex/stmaryrd/stmaryrd.sty
Package: stmaryrd 1994/03/03 St Mary's Road symbol package
\symstmry=\mathgroup6
LaTeX Font Info:    Overwriting symbol font `stmry' in version `bold'
(Font)                  U/stmry/m/n --> U/stmry/b/n on input line 89.
)
(/usr/local/texlive/2021/texmf-dist/tex/latex/parskip/parskip.sty
Package: parskip 2021-03-14 v2.0h non-zero parskip adjustments
)
(/usr/local/texlive/2021/texmf-dist/tex/latex/titlesec/titlesec.sty
Package: titlesec 2019/10/16 v2.13 Sectioning titles
\ttl@box=\box68
\beforetitleunit=\skip109
\aftertitleunit=\skip110
\ttl@plus=\dimen309
\ttl@minus=\dimen310
\ttl@toksa=\toks47
\titlewidth=\dimen311
\titlewidthlast=\dimen312
\titlewidthfirst=\dimen313
)
\c@subsubsubsection=\count494

(/usr/local/texlive/2021/texmf-dist/tex/latex/multirow/multirow.sty
Package: multirow 2021/03/15 v2.8 Span multiple rows of a table
\multirow@colwidth=\skip111
\multirow@cntb=\count495
\multirow@dima=\skip112
\bigstrutjot=\dimen314
)
(/usr/local/texlive/2021/texmf-dist/tex/latex/makecell/makecell.sty
Package: makecell 2009/08/03 V0.1e Managing of Tab Column Heads and Cells
\rotheadsize=\dimen315
\c@nlinenum=\count496
\TeXr@lab=\toks48
)
Package csquotes Info: Checking for multilingual support...
Package csquotes Info: ... found 'babel' package.

(./rapport.aux)
\openout1 = `rapport.aux'.

LaTeX Font Info:    Checking defaults for OML/cmm/m/it on input line 42.
LaTeX Font Info:    ... okay on input line 42.
LaTeX Font Info:    Checking defaults for OMS/cmsy/m/n on input line 42.
LaTeX Font Info:    ... okay on input line 42.
LaTeX Font Info:    Checking defaults for OT1/cmr/m/n on input line 42.
LaTeX Font Info:    ... okay on input line 42.
LaTeX Font Info:    Checking defaults for T1/cmr/m/n on input line 42.
LaTeX Font Info:    ... okay on input line 42.
LaTeX Font Info:    Checking defaults for TS1/cmr/m/n on input line 42.
LaTeX Font Info:    ... okay on input line 42.
LaTeX Font Info:    Checking defaults for OMX/cmex/m/n on input line 42.
LaTeX Font Info:    ... okay on input line 42.
LaTeX Font Info:    Checking defaults for U/cmr/m/n on input line 42.
LaTeX Font Info:    ... okay on input line 42.
LaTeX Font Info:    Checking defaults for PD1/pdf/m/n on input line 42.
LaTeX Font Info:    ... okay on input line 42.
LaTeX Font Info:    Checking defaults for PU/pdf/m/n on input line 42.
LaTeX Font Info:    ... okay on input line 42.

(/usr/local/texlive/2021/texmf-dist/tex/latex/siunitx/siunitx-abbreviations.cfg
File: siunitx-abbreviations.cfg 2017/11/26 v2.7k siunitx: Abbreviated units
)
(/usr/local/texlive/2021/texmf-dist/tex/latex/translator/translator-basic-dicti
onary-English.dict
Dictionary: translator-basic-dictionary, Language: English 
)
(/usr/local/texlive/2021/texmf-dist/tex/context/base/mkii/supp-pdf.mkii
[Loading MPS to PDF converter (version 2006.09.02).]
\scratchcounter=\count497
\scratchdimen=\dimen316
\scratchbox=\box69
\nofMPsegments=\count498
\nofMParguments=\count499
\everyMPshowfont=\toks49
\MPscratchCnt=\count500
\MPscratchDim=\dimen317
\MPnumerator=\count501
\makeMPintoPDFobject=\count502
\everyMPtoPDFconversion=\toks50
) (/usr/local/texlive/2021/texmf-dist/tex/latex/epstopdf-pkg/epstopdf-base.sty
Package: epstopdf-base 2020-01-24 v2.11 Base part for package epstopdf
Package epstopdf-base Info: Redefining graphics rule for `.eps' on input line 4
85.

(/usr/local/texlive/2021/texmf-dist/tex/latex/latexconfig/epstopdf-sys.cfg
File: epstopdf-sys.cfg 2010/07/13 v1.3 Configuration of (r)epstopdf for TeX Liv
e
))
Package caption Info: Begin \AtBeginDocument code.
Package caption Info: changepage package is loaded.
\caption@adjustwidth@hsize=\dimen318
\caption@adjustwidth@linewidth=\dimen319
Package caption Info: hyperref package is loaded.
Package caption Info: End \AtBeginDocument code.
Package hyperref Info: Link coloring OFF on input line 42.

(/usr/local/texlive/2021/texmf-dist/tex/latex/hyperref/nameref.sty
Package: nameref 2021-04-02 v2.47 Cross-referencing by name of section

(/usr/local/texlive/2021/texmf-dist/tex/latex/refcount/refcount.sty
Package: refcount 2019/12/15 v3.6 Data extraction from label references (HO)
)
(/usr/local/texlive/2021/texmf-dist/tex/generic/gettitlestring/gettitlestring.s
ty
Package: gettitlestring 2019/12/15 v1.6 Cleanup title references (HO)
)
\c@section@level=\count503
)
LaTeX Info: Redefining \ref on input line 42.
LaTeX Info: Redefining \pageref on input line 42.
LaTeX Info: Redefining \nameref on input line 42.
 (./rapport.out) (./rapport.out)
\@outlinefile=\write7
\openout7 = `rapport.out'.


*geometry* driver: auto-detecting
*geometry* detected driver: pdftex
*geometry* verbose mode - [ preamble ] result:
* driver: pdftex
* paper: <default>
* layout: <same size as paper>
* layoutoffset:(h,v)=(0.0pt,0.0pt)
* modes: 
* h-part:(L,W,R)=(71.13188pt, 455.24411pt, 71.13188pt)
* v-part:(T,H,B)=(56.9055pt, 688.5567pt, 99.58464pt)
* \paperwidth=597.50787pt
* \paperheight=845.04684pt
* \textwidth=455.24411pt
* \textheight=688.5567pt
* \oddsidemargin=-1.1381pt
* \evensidemargin=-1.1381pt
* \topmargin=-52.36449pt
* \headheight=12.0pt
* \headsep=25.0pt
* \topskip=12.0pt
* \footskip=30.0pt
* \marginparwidth=35.0pt
* \marginparsep=10.0pt
* \columnsep=10.0pt
* \skip\footins=10.8pt plus 4.0pt minus 2.0pt
* \hoffset=0.0pt
* \voffset=0.0pt
* \mag=1000
* \@twocolumnfalse
* \@twosidefalse
* \@mparswitchfalse
* \@reversemarginfalse
* (1in=72.27pt=25.4mm, 1cm=28.453pt)

Package biblatex Info: Trying to load language 'english'...
Package biblatex Info: ... file 'english.lbx' found.
(/usr/local/texlive/2021/texmf-dist/tex/latex/biblatex/lbx/english.lbx
File: english.lbx 2020/12/31 v3.16 biblatex localization (PK/MW)
)
Package biblatex Info: Input encoding 'utf8' detected.
Package biblatex Info: Automatic encoding selection.
(biblatex)             Assuming data encoding 'utf8'.
Package biblatex Info: Input encoding 'utf8' specified.
Package biblatex Info: Data encoding 'utf8' specified.
(biblatex)             No need to reencode data.
Package biblatex Info: Document encoding is UTF8 ....
Package biblatex Info: ... and expl3
(biblatex)             2021-02-18 L3 programming layer (loader) 
(biblatex)             is new enough (at least 2020/04/06),
(biblatex)             setting 'casechanger=expl3'.

(/usr/local/texlive/2021/texmf-dist/tex/latex/biblatex/blx-case-expl3.sty
Package: blx-case-expl3 2020/12/31 v3.16 expl3 case changing code for biblatex
)
\openout5 = `rapport-blx.bib'.

Package biblatex Info: Trying to load bibliographic data...
Package biblatex Info: ... file 'rapport.bbl' found.

(./rapport.bbl

Package biblatex Warning: BibTeX reported the following issues
(biblatex)                with 'dyadic':
(biblatex)                - Invalid format of field 'month'.


Package biblatex Warning: BibTeX reported the following issues
(biblatex)                with '10.1145/3478513.3480534':
(biblatex)                - Invalid format of field 'month'.


Package biblatex Warning: BibTeX reported the following issues
(biblatex)                with '10.1145/2461912.2462013':
(biblatex)                - Invalid format of field 'month'.


Package biblatex Warning: BibTeX reported the following issues
(biblatex)                with '10.1145/1778765.1778816':
(biblatex)                - Invalid format of field 'month'.

)
Package biblatex Info: Reference section=0 on input line 42.
Package biblatex Info: Reference segment=0 on input line 42.
LaTeX Font Info:    Trying to load font information for U+msa on input line 42.

 (/usr/local/texlive/2021/texmf-dist/tex/latex/amsfonts/umsa.fd
File: umsa.fd 2013/01/14 v3.01 AMS symbols A
)
LaTeX Font Info:    Trying to load font information for U+msb on input line 42.


(/usr/local/texlive/2021/texmf-dist/tex/latex/amsfonts/umsb.fd
File: umsb.fd 2013/01/14 v3.01 AMS symbols B
)
LaTeX Font Info:    Trying to load font information for U+stmry on input line 4
2.

(/usr/local/texlive/2021/texmf-dist/tex/latex/stmaryrd/Ustmry.fd)
\@nomenclaturefile=\write8
\openout8 = `rapport.nlo'.

Package nomencl Info: Writing nomenclature file rapport.nlo on input line 57.

(./rapport.toc
<logos/logo_ENS.jpg, id=225, 727.518pt x 271.61475pt>
File: logos/logo_ENS.jpg Graphic file (type jpg)
<use logos/logo_ENS.jpg>
Package pdftex.def Info: logos/logo_ENS.jpg  used on input line 44.
(pdftex.def)             Requested size: 109.12299pt x 40.74045pt.
<logos/logo_MPI-INF.png, id=226, 1229.59375pt x 548.0475pt>
File: logos/logo_MPI-INF.png Graphic file (type png)
<use logos/logo_MPI-INF.png>
Package pdftex.def Info: logos/logo_MPI-INF.png  used on input line 44.
(pdftex.def)             Requested size: 92.21555pt x 41.10178pt.
 [1
Non-PDF special ignored!
<special> header=pstricks.pro
Non-PDF special ignored!
<special> header=pst-algparser.pro
Non-PDF special ignored!
<special> header=pst-tools.pro
Non-PDF special ignored!
<special> header=pst-dots.pro

Non-PDF special ignored!
<special> ps: /pssetRGBcolor /setrgbcolor load def /pssetCMYKcolor /setcmyk...
Non-PDF special ignored!
<special> ps:tx@Dict begin  gsave STV CP T /ps@rot 0 def grestore  end
Non-PDF special ignored!
<special> ps:tx@Dict begin  gsave STV CP T /ps@refangle 0.  def grestore  e...
{/usr/local/texlive/2021/texmf-var/fonts/map/pdftex/updmap/pdftex.map} <./logos
/logo_ENS.jpg (PNG copy)> <./logos/logo_MPI-INF.png (PNG copy)>])
\tf@toc=\write9
\openout9 = `rapport.toc'.

File: logos/logo_ENS.jpg Graphic file (type jpg)
<use logos/logo_ENS.jpg>
Package pdftex.def Info: logos/logo_ENS.jpg  used on input line 131.
(pdftex.def)             Requested size: 109.12299pt x 40.74045pt.
File: logos/logo_MPI-INF.png Graphic file (type png)
<use logos/logo_MPI-INF.png>
Package pdftex.def Info: logos/logo_MPI-INF.png  used on input line 131.
(pdftex.def)             Requested size: 92.21555pt x 41.10178pt.
 [2]
File: logos/logo_ENS.jpg Graphic file (type jpg)
<use logos/logo_ENS.jpg>
Package pdftex.def Info: logos/logo_ENS.jpg  used on input line 194.
(pdftex.def)             Requested size: 109.12299pt x 40.74045pt.
File: logos/logo_MPI-INF.png Graphic file (type png)
<use logos/logo_MPI-INF.png>
Package pdftex.def Info: logos/logo_MPI-INF.png  used on input line 194.
(pdftex.def)             Requested size: 92.21555pt x 41.10178pt.
 [3]
<target/2D_fun.png, id=273, 501.875pt x 501.875pt>
File: target/2D_fun.png Graphic file (type png)
<use target/2D_fun.png>
Package pdftex.def Info: target/2D_fun.png  used on input line 221.
(pdftex.def)             Requested size: 136.57323pt x 136.57251pt.
<target/2D_spectrum.png, id=274, 361.35pt x 361.35pt>
File: target/2D_spectrum.png Graphic file (type png)
<use target/2D_spectrum.png>
Package pdftex.def Info: target/2D_spectrum.png  used on input line 222.
(pdftex.def)             Requested size: 136.57323pt x 136.57007pt.
<target/2D_target.png, id=276, 501.875pt x 501.875pt>
File: target/2D_target.png Graphic file (type png)
<use target/2D_target.png>
Package pdftex.def Info: target/2D_target.png  used on input line 223.
(pdftex.def)             Requested size: 136.57323pt x 136.57251pt.
File: logos/logo_ENS.jpg Graphic file (type jpg)
<use logos/logo_ENS.jpg>
Package pdftex.def Info: logos/logo_ENS.jpg  used on input line 241.
(pdftex.def)             Requested size: 109.12299pt x 40.74045pt.
File: logos/logo_MPI-INF.png Graphic file (type png)
<use logos/logo_MPI-INF.png>
Package pdftex.def Info: logos/logo_MPI-INF.png  used on input line 241.
(pdftex.def)             Requested size: 92.21555pt x 41.10178pt.

[4 <./target/2D_fun.png (PNG copy)> <./target/2D_spectrum.png> <./target/2D_tar
get.png (PNG copy)>]
<sample/SGD_blue.pdf, id=285, 265.9332pt x 267.10992pt>
File: sample/SGD_blue.pdf Graphic file (type pdf)
<use sample/SGD_blue.pdf>
Package pdftex.def Info: sample/SGD_blue.pdf  used on input line 259.
(pdftex.def)             Requested size: 136.57323pt x 137.18205pt.
<sample/SGD_step.pdf, id=286, 265.4554pt x 267.10992pt>
File: sample/SGD_step.pdf Graphic file (type pdf)
<use sample/SGD_step.pdf>
Package pdftex.def Info: sample/SGD_step.pdf  used on input line 260.
(pdftex.def)             Requested size: 136.57323pt x 137.42253pt.
<sample/SGD_dw.pdf, id=287, 268.4497pt x 267.10992pt>
File: sample/SGD_dw.pdf Graphic file (type pdf)
<use sample/SGD_dw.pdf>
Package pdftex.def Info: sample/SGD_dw.pdf  used on input line 261.
(pdftex.def)             Requested size: 136.57323pt x 135.89412pt.
<sample/SGD_blue.png, id=288, 138.5175pt x 138.5175pt>
File: sample/SGD_blue.png Graphic file (type png)
<use sample/SGD_blue.png>
Package pdftex.def Info: sample/SGD_blue.png  used on input line 263.
(pdftex.def)             Requested size: 136.57323pt x 136.57263pt.
<sample/SGD_step_spectrum.png, id=289, 197.73875pt x 197.73875pt>
File: sample/SGD_step_spectrum.png Graphic file (type png)
<use sample/SGD_step_spectrum.png>
Package pdftex.def Info: sample/SGD_step_spectrum.png  used on input line 264.
(pdftex.def)             Requested size: 136.57323pt x 136.57565pt.
<sample/SGD_dw_spectrum.png, id=290, 300.12125pt x 299.1175pt>
File: sample/SGD_dw_spectrum.png Graphic file (type png)
<use sample/SGD_dw_spectrum.png>
Package pdftex.def Info: sample/SGD_dw_spectrum.png  used on input line 265.
(pdftex.def)             Requested size: 136.57323pt x 136.12149pt.
<sample/SGD_blue_radial.pdf, id=291, 361.97232pt x 175.57355pt>
File: sample/SGD_blue_radial.pdf Graphic file (type pdf)
<use sample/SGD_blue_radial.pdf>
Package pdftex.def Info: sample/SGD_blue_radial.pdf  used on input line 267.
(pdftex.def)             Requested size: 136.57323pt x 66.24445pt.
<sample/SGD_step_radial.pdf, id=292, 361.97232pt x 175.57355pt>
File: sample/SGD_step_radial.pdf Graphic file (type pdf)
<use sample/SGD_step_radial.pdf>
Package pdftex.def Info: sample/SGD_step_radial.pdf  used on input line 268.
(pdftex.def)             Requested size: 136.57323pt x 66.24445pt.
<sample/SGD_dw_radial.pdf, id=293, 361.97232pt x 175.57355pt>
File: sample/SGD_dw_radial.pdf Graphic file (type pdf)
<use sample/SGD_dw_radial.pdf>
Package pdftex.def Info: sample/SGD_dw_radial.pdf  used on input line 269.
(pdftex.def)             Requested size: 136.57323pt x 66.24445pt.
File: logos/logo_ENS.jpg Graphic file (type jpg)
<use logos/logo_ENS.jpg>
Package pdftex.def Info: logos/logo_ENS.jpg  used on input line 280.
(pdftex.def)             Requested size: 109.12299pt x 40.74045pt.
File: logos/logo_MPI-INF.png Graphic file (type png)
<use logos/logo_MPI-INF.png>
Package pdftex.def Info: logos/logo_MPI-INF.png  used on input line 280.
(pdftex.def)             Requested size: 92.21555pt x 41.10178pt.
 [5 <./sample/SGD_blue.pdf> <./sample/SGD_step.pdf> <./sample/SGD_dw.pdf> <./sa
mple/SGD_blue.png> <./sample/SGD_step_spectrum.png> <./sample/SGD_dw_spectrum.p
ng> <./sample/SGD_blue_radial.pdf> <./sample/SGD_step_radial.pdf> <./sample/SGD
_dw_radial.pdf>]

Package hyperref Warning: bookmark level for unknown subsubsubsection defaults 
to 0.

<sample/dw1.pdf, id=312, 272.2943pt x 267.10992pt>
File: sample/dw1.pdf Graphic file (type pdf)
<use sample/dw1.pdf>
Package pdftex.def Info: sample/dw1.pdf  used on input line 317.
(pdftex.def)             Requested size: 93.89409pt x 92.10411pt.
<sample/dw2.pdf, id=313, 264.74124pt x 267.10992pt>
File: sample/dw2.pdf Graphic file (type pdf)
<use sample/dw2.pdf>
Package pdftex.def Info: sample/dw2.pdf  used on input line 318.
(pdftex.def)             Requested size: 93.89409pt x 94.73297pt.
<sample/dw3.pdf, id=314, 264.05904pt x 267.10992pt>
File: sample/dw3.pdf Graphic file (type pdf)
<use sample/dw3.pdf>
Package pdftex.def Info: sample/dw3.pdf  used on input line 319.
(pdftex.def)             Requested size: 93.89409pt x 94.97752pt.
<sample/dw1b.pdf, id=315, 262.91058pt x 267.10992pt>
File: sample/dw1b.pdf Graphic file (type pdf)
<use sample/dw1b.pdf>
Package pdftex.def Info: sample/dw1b.pdf  used on input line 320.
(pdftex.def)             Requested size: 93.89409pt x 95.39325pt.
<sample/dw_1.png, id=316, 135.50626pt x 135.50626pt>
File: sample/dw_1.png Graphic file (type png)
<use sample/dw_1.png>
Package pdftex.def Info: sample/dw_1.png  used on input line 322.
(pdftex.def)             Requested size: 93.89409pt x 93.8964pt.
<sample/dw_2.png, id=317, 135.50626pt x 135.50626pt>
File: sample/dw_2.png Graphic file (type png)
<use sample/dw_2.png>
Package pdftex.def Info: sample/dw_2.png  used on input line 323.
(pdftex.def)             Requested size: 93.89409pt x 93.8964pt.
<sample/dw_3.png, id=318, 135.50626pt x 135.50626pt>
File: sample/dw_3.png Graphic file (type png)
<use sample/dw_3.png>
Package pdftex.def Info: sample/dw_3.png  used on input line 324.
(pdftex.def)             Requested size: 93.89409pt x 93.8964pt.
<sample/dw_1b.png, id=319, 135.50626pt x 135.50626pt>
File: sample/dw_1b.png Graphic file (type png)
<use sample/dw_1b.png>
Package pdftex.def Info: sample/dw_1b.png  used on input line 325.
(pdftex.def)             Requested size: 93.89409pt x 93.8964pt.
File: logos/logo_ENS.jpg Graphic file (type jpg)
<use logos/logo_ENS.jpg>
Package pdftex.def Info: logos/logo_ENS.jpg  used on input line 334.
(pdftex.def)             Requested size: 109.12299pt x 40.74045pt.
File: logos/logo_MPI-INF.png Graphic file (type png)
<use logos/logo_MPI-INF.png>
Package pdftex.def Info: logos/logo_MPI-INF.png  used on input line 334.
(pdftex.def)             Requested size: 92.21555pt x 41.10178pt.
[6]
<plot/integration_rot_bad.pdf, id=326, 462.52798pt x 346.89601pt>
File: plot/integration_rot_bad.pdf Graphic file (type pdf)
<use plot/integration_rot_bad.pdf>
Package pdftex.def Info: plot/integration_rot_bad.pdf  used on input line 346.
(pdftex.def)             Requested size: 341.43306pt x 256.085pt.
<plot/legend.png, id=327, 314.17375pt x 455.7025pt>
File: plot/legend.png Graphic file (type png)
<use plot/legend.png>
Package pdftex.def Info: plot/legend.png  used on input line 347.
(pdftex.def)             Requested size: 56.9055pt x 82.53746pt.
File: logos/logo_ENS.jpg Graphic file (type jpg)
<use logos/logo_ENS.jpg>
Package pdftex.def Info: logos/logo_ENS.jpg  used on input line 361.
(pdftex.def)             Requested size: 109.12299pt x 40.74045pt.
File: logos/logo_MPI-INF.png Graphic file (type png)
<use logos/logo_MPI-INF.png>
Package pdftex.def Info: logos/logo_MPI-INF.png  used on input line 361.
(pdftex.def)             Requested size: 92.21555pt x 41.10178pt.
 [7 <./sample/dw1.pdf> <./sample/dw2.pdf> <./sample/dw3.pdf> <./sample/dw1b.pdf
> <./sample/dw_1.png> <./sample/dw_2.png> <./sample/dw_3.png> <./sample/dw_1b.p
ng> <./plot/integration_rot_bad.pdf> <./plot/legend.png>]
<sample/dwb1.pdf, id=360, 269.64915pt x 267.10992pt>
File: sample/dwb1.pdf Graphic file (type pdf)
<use sample/dwb1.pdf>
Package pdftex.def Info: sample/dwb1.pdf  used on input line 373.
(pdftex.def)             Requested size: 93.89409pt x 93.00893pt.
<sample/dwb2.pdf, id=361, 269.92996pt x 267.10992pt>
File: sample/dwb2.pdf Graphic file (type pdf)
<use sample/dwb2.pdf>
Package pdftex.def Info: sample/dwb2.pdf  used on input line 374.
(pdftex.def)             Requested size: 93.89409pt x 92.91518pt.
<sample/dwb3.pdf, id=362, 271.98831pt x 267.10992pt>
File: sample/dwb3.pdf Graphic file (type pdf)
<use sample/dwb3.pdf>
Package pdftex.def Info: sample/dwb3.pdf  used on input line 375.
(pdftex.def)             Requested size: 93.89409pt x 92.21008pt.
<sample/dwb1b.pdf, id=363, 267.07582pt x 267.10992pt>
File: sample/dwb1b.pdf Graphic file (type pdf)
<use sample/dwb1b.pdf>
Package pdftex.def Info: sample/dwb1b.pdf  used on input line 376.
(pdftex.def)             Requested size: 93.89409pt x 93.9056pt.
<sample/dwb1.png, id=364, 177.66376pt x 177.66376pt>
File: sample/dwb1.png Graphic file (type png)
<use sample/dwb1.png>
Package pdftex.def Info: sample/dwb1.png  used on input line 378.
(pdftex.def)             Requested size: 93.89409pt x 93.89566pt.
<sample/dwb2.png, id=365, 176.66pt x 176.66pt>
File: sample/dwb2.png Graphic file (type png)
<use sample/dwb2.png>
Package pdftex.def Info: sample/dwb2.png  used on input line 379.
(pdftex.def)             Requested size: 93.89409pt x 93.89351pt.
<sample/dwb3.png, id=366, 175.65625pt x 176.66pt>
File: sample/dwb3.png Graphic file (type png)
<use sample/dwb3.png>
Package pdftex.def Info: sample/dwb3.png  used on input line 380.
(pdftex.def)             Requested size: 93.89409pt x 94.43263pt.
<sample/dwb1b.png, id=367, 177.66376pt x 177.66376pt>
File: sample/dwb1b.png Graphic file (type png)
<use sample/dwb1b.png>
Package pdftex.def Info: sample/dwb1b.png  used on input line 381.
(pdftex.def)             Requested size: 93.89409pt x 93.89566pt.
<plot/integration_rot_good.pdf, id=368, 462.52798pt x 346.89601pt>
File: plot/integration_rot_good.pdf Graphic file (type pdf)
<use plot/integration_rot_good.pdf>
Package pdftex.def Info: plot/integration_rot_good.pdf  used on input line 396.

(pdftex.def)             Requested size: 341.43306pt x 256.085pt.
File: plot/legend.png Graphic file (type png)
<use plot/legend.png>
Package pdftex.def Info: plot/legend.png  used on input line 397.
(pdftex.def)             Requested size: 56.9055pt x 82.53746pt.
File: logos/logo_ENS.jpg Graphic file (type jpg)
<use logos/logo_ENS.jpg>
Package pdftex.def Info: logos/logo_ENS.jpg  used on input line 400.
(pdftex.def)             Requested size: 109.12299pt x 40.74045pt.
File: logos/logo_MPI-INF.png Graphic file (type png)
<use logos/logo_MPI-INF.png>
Package pdftex.def Info: logos/logo_MPI-INF.png  used on input line 400.
(pdftex.def)             Requested size: 92.21555pt x 41.10178pt.
 [8 <./sample/dwb1.pdf> <./sample/dwb2.pdf> <./sample/dwb3.pdf> <./sample/dwb1b
.pdf> <./sample/dwb1.png> <./sample/dwb2.png> <./sample/dwb3.png> <./sample/dwb
1b.png>]
<plot/integration_rec2_dw.png, id=387, 1116.17pt x 798.985pt>
File: plot/integration_rec2_dw.png Graphic file (type png)
<use plot/integration_rec2_dw.png>
Package pdftex.def Info: plot/integration_rec2_dw.png  used on input line 406.
(pdftex.def)             Requested size: 312.9803pt x 224.03125pt.
File: logos/logo_ENS.jpg Graphic file (type jpg)
<use logos/logo_ENS.jpg>
Package pdftex.def Info: logos/logo_ENS.jpg  used on input line 419.
(pdftex.def)             Requested size: 109.12299pt x 40.74045pt.
File: logos/logo_MPI-INF.png Graphic file (type png)
<use logos/logo_MPI-INF.png>
Package pdftex.def Info: logos/logo_MPI-INF.png  used on input line 419.
(pdftex.def)             Requested size: 92.21555pt x 41.10178pt.
 [9 <./plot/integration_rot_good.pdf> <./plot/integration_rec2_dw.png>]

Package hyperref Warning: Difference (3) between bookmark levels is greater 
(hyperref)                than one, level fixed on input line 419.

<sample/cross2.pdf, id=408, 266.77257pt x 267.10992pt>
File: sample/cross2.pdf Graphic file (type pdf)
<use sample/cross2.pdf>
Package pdftex.def Info: sample/cross2.pdf  used on input line 449.
(pdftex.def)             Requested size: 93.89409pt x 94.01157pt.
<sample/cross5.pdf, id=409, 265.97108pt x 267.10992pt>
File: sample/cross5.pdf Graphic file (type pdf)
<use sample/cross5.pdf>
Package pdftex.def Info: sample/cross5.pdf  used on input line 450.
(pdftex.def)             Requested size: 93.89409pt x 94.29279pt.
<sample/cross10.pdf, id=410, 268.48857pt x 267.10992pt>
File: sample/cross10.pdf Graphic file (type pdf)
<use sample/cross10.pdf>
Package pdftex.def Info: sample/cross10.pdf  used on input line 451.
(pdftex.def)             Requested size: 93.89409pt x 93.41243pt.
<sample/cross40.pdf, id=411, 266.5691pt x 267.10992pt>
File: sample/cross40.pdf Graphic file (type pdf)
<use sample/cross40.pdf>
Package pdftex.def Info: sample/cross40.pdf  used on input line 452.
(pdftex.def)             Requested size: 93.89409pt x 94.08493pt.
<sample/cross2.png, id=412, 252.945pt x 251.94125pt>
File: sample/cross2.png Graphic file (type png)
<use sample/cross2.png>
Package pdftex.def Info: sample/cross2.png  used on input line 454.
(pdftex.def)             Requested size: 93.89409pt x 93.5205pt.
<sample/cross5.png, id=413, 252.945pt x 252.945pt>
File: sample/cross5.png Graphic file (type png)
<use sample/cross5.png>
Package pdftex.def Info: sample/cross5.png  used on input line 455.
(pdftex.def)             Requested size: 93.89409pt x 93.89308pt.
<sample/cross10.png, id=414, 252.945pt x 252.945pt>
File: sample/cross10.png Graphic file (type png)
<use sample/cross10.png>
Package pdftex.def Info: sample/cross10.png  used on input line 456.
(pdftex.def)             Requested size: 93.89409pt x 93.89308pt.
<sample/cross40.png, id=415, 252.945pt x 252.945pt>
File: sample/cross40.png Graphic file (type png)
<use sample/cross40.png>
Package pdftex.def Info: sample/cross40.png  used on input line 457.
(pdftex.def)             Requested size: 93.89409pt x 93.89308pt.
<plot/integration_cube_worst.pdf, id=416, 462.52798pt x 346.89601pt>
File: plot/integration_cube_worst.pdf Graphic file (type pdf)
<use plot/integration_cube_worst.pdf>
Package pdftex.def Info: plot/integration_cube_worst.pdf  used on input line 47
2.
(pdftex.def)             Requested size: 213.39566pt x 160.05048pt.
<plot/integration_cube_best.pdf, id=417, 462.52798pt x 346.89601pt>
File: plot/integration_cube_best.pdf Graphic file (type pdf)
<use plot/integration_cube_best.pdf>
Package pdftex.def Info: plot/integration_cube_best.pdf  used on input line 473
.
(pdftex.def)             Requested size: 213.39566pt x 160.05048pt.
File: logos/logo_ENS.jpg Graphic file (type jpg)
<use logos/logo_ENS.jpg>
Package pdftex.def Info: logos/logo_ENS.jpg  used on input line 475.
(pdftex.def)             Requested size: 109.12299pt x 40.74045pt.
File: logos/logo_MPI-INF.png Graphic file (type png)
<use logos/logo_MPI-INF.png>
Package pdftex.def Info: logos/logo_MPI-INF.png  used on input line 475.
(pdftex.def)             Requested size: 92.21555pt x 41.10178pt.
[10 <./sample/cross2.pdf> <./sample/cross5.pdf> <./sample/cross10.pdf> <./sampl
e/cross40.pdf> <./sample/cross2.png> <./sample/cross5.png> <./sample/cross10.pn
g> <./sample/cross40.png>]
<plot/integration_cube_rot.pdf, id=435, 462.52798pt x 346.89601pt>
File: plot/integration_cube_rot.pdf Graphic file (type pdf)
<use plot/integration_cube_rot.pdf>
Package pdftex.def Info: plot/integration_cube_rot.pdf  used on input line 481.

(pdftex.def)             Requested size: 284.52756pt x 213.40594pt.
<plot/integration_cube2_best.pdf, id=436, 462.52798pt x 346.89601pt>
File: plot/integration_cube2_best.pdf Graphic file (type pdf)
<use plot/integration_cube2_best.pdf>
Package pdftex.def Info: plot/integration_cube2_best.pdf  used on input line 49
5.
(pdftex.def)             Requested size: 213.39566pt x 160.05048pt.
<plot/integration_cube2_average.pdf, id=437, 462.52798pt x 346.89601pt>
File: plot/integration_cube2_average.pdf Graphic file (type pdf)
<use plot/integration_cube2_average.pdf>
Package pdftex.def Info: plot/integration_cube2_average.pdf  used on input line
 496.
(pdftex.def)             Requested size: 213.39566pt x 160.05048pt.
File: logos/logo_ENS.jpg Graphic file (type jpg)
<use logos/logo_ENS.jpg>
Package pdftex.def Info: logos/logo_ENS.jpg  used on input line 498.
(pdftex.def)             Requested size: 109.12299pt x 40.74045pt.
File: logos/logo_MPI-INF.png Graphic file (type png)
<use logos/logo_MPI-INF.png>
Package pdftex.def Info: logos/logo_MPI-INF.png  used on input line 498.
(pdftex.def)             Requested size: 92.21555pt x 41.10178pt.
 [11 <./plot/integration_cube_worst.pdf> <./plot/integration_cube_best.pdf> <./
plot/integration_cube_rot.pdf>]

Package hyperref Warning: Difference (3) between bookmark levels is greater 
(hyperref)                than one, level fixed on input line 499.


Package hyperref Warning: Difference (2) between bookmark levels is greater 
(hyperref)                than one, level fixed on input line 520.

File: logos/logo_ENS.jpg Graphic file (type jpg)
<use logos/logo_ENS.jpg>
Package pdftex.def Info: logos/logo_ENS.jpg  used on input line 542.
(pdftex.def)             Requested size: 109.12299pt x 40.74045pt.
File: logos/logo_MPI-INF.png Graphic file (type png)
<use logos/logo_MPI-INF.png>
Package pdftex.def Info: logos/logo_MPI-INF.png  used on input line 542.
(pdftex.def)             Requested size: 92.21555pt x 41.10178pt.
[12 <./plot/integration_cube2_best.pdf> <./plot/integration_cube2_average.pdf>]
<target/diadic_nets.png, id=630, 646.415pt x 647.41875pt>
File: target/diadic_nets.png Graphic file (type png)
<use target/diadic_nets.png>
Package pdftex.def Info: target/diadic_nets.png  used on input line 550.
(pdftex.def)             Requested size: 312.9803pt x 313.46425pt.
File: logos/logo_ENS.jpg Graphic file (type jpg)
<use logos/logo_ENS.jpg>
Package pdftex.def Info: logos/logo_ENS.jpg  used on input line 568.
(pdftex.def)             Requested size: 109.12299pt x 40.74045pt.
File: logos/logo_MPI-INF.png Graphic file (type png)
<use logos/logo_MPI-INF.png>
Package pdftex.def Info: logos/logo_MPI-INF.png  used on input line 568.
(pdftex.def)             Requested size: 92.21555pt x 41.10178pt.
[13 <./target/diadic_nets.png>]
<sample/ours_grid.pdf, id=642, 267.10992pt x 267.10992pt>
File: sample/ours_grid.pdf Graphic file (type pdf)
<use sample/ours_grid.pdf>
Package pdftex.def Info: sample/ours_grid.pdf  used on input line 591.
(pdftex.def)             Requested size: 85.35826pt x 85.35872pt.
<sample/ours_grid_spectrum.png, id=643, 206.7725pt x 206.7725pt>
File: sample/ours_grid_spectrum.png Graphic file (type png)
<use sample/ours_grid_spectrum.png>
Package pdftex.def Info: sample/ours_grid_spectrum.png  used on input line 592.

(pdftex.def)             Requested size: 85.35826pt x 85.3578pt.
<sample/ours_cmj.pdf, id=644, 267.10992pt x 267.10992pt>
File: sample/ours_cmj.pdf Graphic file (type pdf)
<use sample/ours_cmj.pdf>
Package pdftex.def Info: sample/ours_cmj.pdf  used on input line 598.
(pdftex.def)             Requested size: 85.35826pt x 85.35872pt.
<sample/ours_cmj_spectrum.png, id=645, 240.9pt x 240.9pt>
File: sample/ours_cmj_spectrum.png Graphic file (type png)
<use sample/ours_cmj_spectrum.png>
Package pdftex.def Info: sample/ours_cmj_spectrum.png  used on input line 599.
(pdftex.def)             Requested size: 85.35826pt x 85.3565pt.
<sample/ours_dyadic.pdf, id=646, 267.34116pt x 267.10992pt>
File: sample/ours_dyadic.pdf Graphic file (type pdf)
<use sample/ours_dyadic.pdf>
Package pdftex.def Info: sample/ours_dyadic.pdf  used on input line 605.
(pdftex.def)             Requested size: 85.35826pt x 85.28535pt.
<sample/ours_dyadic_spectrum.png, id=647, 255.95625pt x 255.95625pt>
File: sample/ours_dyadic_spectrum.png Graphic file (type png)
<use sample/ours_dyadic_spectrum.png>
Package pdftex.def Info: sample/ours_dyadic_spectrum.png  used on input line 60
6.
(pdftex.def)             Requested size: 85.35826pt x 85.35628pt.
<sample/ours_low.pdf, id=648, 266.47108pt x 267.10992pt>
File: sample/ours_low.pdf Graphic file (type pdf)
<use sample/ours_low.pdf>
Package pdftex.def Info: sample/ours_low.pdf  used on input line 612.
(pdftex.def)             Requested size: 85.35826pt x 85.5625pt.
<sample/ours_low_spectrum.png, id=649, 202.7575pt x 202.7575pt>
File: sample/ours_low_spectrum.png Graphic file (type png)
<use sample/ours_low_spectrum.png>
Package pdftex.def Info: sample/ours_low_spectrum.png  used on input line 613.
(pdftex.def)             Requested size: 85.35826pt x 85.35866pt.
File: logos/logo_ENS.jpg Graphic file (type jpg)
<use logos/logo_ENS.jpg>
Package pdftex.def Info: logos/logo_ENS.jpg  used on input line 626.
(pdftex.def)             Requested size: 109.12299pt x 40.74045pt.
File: logos/logo_MPI-INF.png Graphic file (type png)
<use logos/logo_MPI-INF.png>
Package pdftex.def Info: logos/logo_MPI-INF.png  used on input line 626.
(pdftex.def)             Requested size: 92.21555pt x 41.10178pt.
 [14 <./sample/ours_grid.pdf> <./sample/ours_grid_spectrum.png> <./sample/ours_
cmj.pdf> <./sample/ours_cmj_spectrum.png> <./sample/ours_dyadic.pdf> <./sample/
ours_dyadic_spectrum.png> <./sample/ours_low.pdf> <./sample/ours_low_spectrum.p
ng>]
<sample/dart_blue.pdf, id=667, 267.00299pt x 267.10992pt>
File: sample/dart_blue.pdf Graphic file (type pdf)
<use sample/dart_blue.pdf>
Package pdftex.def Info: sample/dart_blue.pdf  used on input line 671.
(pdftex.def)             Requested size: 93.89409pt x 93.93005pt.
<sample/dart_square.pdf, id=668, 267.16809pt x 267.10992pt>
File: sample/dart_square.pdf Graphic file (type pdf)
<use sample/dart_square.pdf>
Package pdftex.def Info: sample/dart_square.pdf  used on input line 672.
(pdftex.def)             Requested size: 93.89409pt x 93.87299pt.
<sample/dart_twisted.pdf, id=669, 267.14304pt x 267.10992pt>
File: sample/dart_twisted.pdf Graphic file (type pdf)
<use sample/dart_twisted.pdf>
Package pdftex.def Info: sample/dart_twisted.pdf  used on input line 673.
(pdftex.def)             Requested size: 93.89409pt x 93.88113pt.
<sample/dart_cross.pdf, id=670, 267.20819pt x 267.10992pt>
File: sample/dart_cross.pdf Graphic file (type pdf)
<use sample/dart_cross.pdf>
Package pdftex.def Info: sample/dart_cross.pdf  used on input line 674.
(pdftex.def)             Requested size: 93.89409pt x 93.86076pt.
<sample/dart_blue_spectrum.png, id=671, 151.56625pt x 151.56625pt>
File: sample/dart_blue_spectrum.png Graphic file (type png)
<use sample/dart_blue_spectrum.png>
Package pdftex.def Info: sample/dart_blue_spectrum.png  used on input line 676.

(pdftex.def)             Requested size: 93.89409pt x 93.89609pt.
<sample/dart_square_spectrum.png, id=672, 146.5475pt x 146.5475pt>
File: sample/dart_square_spectrum.png Graphic file (type png)
<use sample/dart_square_spectrum.png>
Package pdftex.def Info: sample/dart_square_spectrum.png  used on input line 67
7.
(pdftex.def)             Requested size: 93.89409pt x 93.89291pt.
<sample/dart_twisted_spectrum.png, id=673, 197.73875pt x 197.73875pt>
File: sample/dart_twisted_spectrum.png Graphic file (type png)
<use sample/dart_twisted_spectrum.png>
Package pdftex.def Info: sample/dart_twisted_spectrum.png  used on input line 6
78.
(pdftex.def)             Requested size: 93.89409pt x 93.89369pt.
<sample/dart_cross_spectrum.png, id=674, 158.5925pt x 158.5925pt>
File: sample/dart_cross_spectrum.png Graphic file (type png)
<use sample/dart_cross_spectrum.png>
Package pdftex.def Info: sample/dart_cross_spectrum.png  used on input line 679
.
(pdftex.def)             Requested size: 93.89409pt x 93.89543pt.
File: logos/logo_ENS.jpg Graphic file (type jpg)
<use logos/logo_ENS.jpg>
Package pdftex.def Info: logos/logo_ENS.jpg  used on input line 687.
(pdftex.def)             Requested size: 109.12299pt x 40.74045pt.
File: logos/logo_MPI-INF.png Graphic file (type png)
<use logos/logo_MPI-INF.png>
Package pdftex.def Info: logos/logo_MPI-INF.png  used on input line 687.
(pdftex.def)             Requested size: 92.21555pt x 41.10178pt.
 [15]
<sample/WBN_blue.pdf, id=679, 267.09224pt x 267.10992pt>
File: sample/WBN_blue.pdf Graphic file (type pdf)
<use sample/WBN_blue.pdf>
Package pdftex.def Info: sample/WBN_blue.pdf  used on input line 697.
(pdftex.def)             Requested size: 93.89409pt x 93.90152pt.
<sample/wbn_square.pdf, id=680, 266.80908pt x 267.10992pt>
File: sample/wbn_square.pdf Graphic file (type pdf)
<use sample/wbn_square.pdf>
Package pdftex.def Info: sample/wbn_square.pdf  used on input line 698.
(pdftex.def)             Requested size: 93.89409pt x 93.99934pt.
<sample/wbn_twisted.pdf, id=681, 269.76198pt x 267.10992pt>
File: sample/wbn_twisted.pdf Graphic file (type pdf)
<use sample/wbn_twisted.pdf>
Package pdftex.def Info: sample/wbn_twisted.pdf  used on input line 699.
(pdftex.def)             Requested size: 93.89409pt x 92.96817pt.
<sample/wbn_cross.pdf, id=682, 267.12088pt x 267.10992pt>
File: sample/wbn_cross.pdf Graphic file (type pdf)
<use sample/wbn_cross.pdf>
Package pdftex.def Info: sample/wbn_cross.pdf  used on input line 700.
(pdftex.def)             Requested size: 93.89409pt x 93.8893pt.
<sample/WBN_blue_spectrum.png, id=683, 262.9825pt x 259.97125pt>
File: sample/WBN_blue_spectrum.png Graphic file (type png)
<use sample/WBN_blue_spectrum.png>
Package pdftex.def Info: sample/WBN_blue_spectrum.png  used on input line 702.
(pdftex.def)             Requested size: 93.89409pt x 92.82pt.
<sample/wbn_square_spectrum.png, id=684, 134.5025pt x 133.49875pt>
File: sample/wbn_square_spectrum.png Graphic file (type png)
<use sample/wbn_square_spectrum.png>
Package pdftex.def Info: sample/wbn_square_spectrum.png  used on input line 703
.
(pdftex.def)             Requested size: 93.89409pt x 93.19383pt.
<sample/wbn_twisted_spectrum.png, id=685, 188.705pt x 188.705pt>
File: sample/wbn_twisted_spectrum.png Graphic file (type png)
<use sample/wbn_twisted_spectrum.png>
Package pdftex.def Info: sample/wbn_twisted_spectrum.png  used on input line 70
4.
(pdftex.def)             Requested size: 93.89409pt x 93.89442pt.
<sample/wbn_cross_spectrum.png, id=686, 132.495pt x 132.495pt>
File: sample/wbn_cross_spectrum.png Graphic file (type png)
<use sample/wbn_cross_spectrum.png>
Package pdftex.def Info: sample/wbn_cross_spectrum.png  used on input line 705.

(pdftex.def)             Requested size: 93.89409pt x 93.89418pt.
<sample/rbn_blue.pdf, id=687, 267.29546pt x 267.10992pt>
File: sample/rbn_blue.pdf Graphic file (type pdf)
<use sample/rbn_blue.pdf>
Package pdftex.def Info: sample/rbn_blue.pdf  used on input line 723.
(pdftex.def)             Requested size: 93.89409pt x 93.82816pt.
<sample/rbn_square.pdf, id=688, 266.23366pt x 267.10992pt>
File: sample/rbn_square.pdf Graphic file (type pdf)
<use sample/rbn_square.pdf>
Package pdftex.def Info: sample/rbn_square.pdf  used on input line 724.
(pdftex.def)             Requested size: 93.89409pt x 94.20313pt.
<sample/rbn_twisted.pdf, id=689, 267.34218pt x 267.10992pt>
File: sample/rbn_twisted.pdf Graphic file (type pdf)
<use sample/rbn_twisted.pdf>
Package pdftex.def Info: sample/rbn_twisted.pdf  used on input line 725.
(pdftex.def)             Requested size: 93.89409pt x 93.81186pt.
<sample/rbn_cross.pdf, id=690, 266.3281pt x 267.10992pt>
File: sample/rbn_cross.pdf Graphic file (type pdf)
<use sample/rbn_cross.pdf>
Package pdftex.def Info: sample/rbn_cross.pdf  used on input line 726.
(pdftex.def)             Requested size: 93.89409pt x 94.17052pt.
<sample/rbn_blue_spectrum.png, id=691, 153.57375pt x 153.57375pt>
File: sample/rbn_blue_spectrum.png Graphic file (type png)
<use sample/rbn_blue_spectrum.png>
Package pdftex.def Info: sample/rbn_blue_spectrum.png  used on input line 728.
(pdftex.def)             Requested size: 93.89409pt x 93.89543pt.
<sample/rbn_square_spectrum.png, id=692, 205.76875pt x 205.76875pt>
File: sample/rbn_square_spectrum.png Graphic file (type png)
<use sample/rbn_square_spectrum.png>
Package pdftex.def Info: sample/rbn_square_spectrum.png  used on input line 729
.
(pdftex.def)             Requested size: 93.89409pt x 93.89494pt.
<sample/rbn_twisted_spectrum.png, id=693, 250.9375pt x 250.9375pt>
File: sample/rbn_twisted_spectrum.png Graphic file (type png)
<use sample/rbn_twisted_spectrum.png>
Package pdftex.def Info: sample/rbn_twisted_spectrum.png  used on input line 73
0.
(pdftex.def)             Requested size: 93.89409pt x 93.89456pt.
<sample/rbn_cross_spectrum.png, id=694, 196.735pt x 196.735pt>
File: sample/rbn_cross_spectrum.png Graphic file (type png)
<use sample/rbn_cross_spectrum.png>
Package pdftex.def Info: sample/rbn_cross_spectrum.png  used on input line 731.

(pdftex.def)             Requested size: 93.89409pt x 93.89136pt.
File: logos/logo_ENS.jpg Graphic file (type jpg)
<use logos/logo_ENS.jpg>
Package pdftex.def Info: logos/logo_ENS.jpg  used on input line 738.
(pdftex.def)             Requested size: 109.12299pt x 40.74045pt.
File: logos/logo_MPI-INF.png Graphic file (type png)
<use logos/logo_MPI-INF.png>
Package pdftex.def Info: logos/logo_MPI-INF.png  used on input line 738.
(pdftex.def)             Requested size: 92.21555pt x 41.10178pt.
 [16 <./sample/dart_blue.pdf> <./sample/dart_square.pdf> <./sample/dart_twisted
.pdf> <./sample/dart_cross.pdf> <./sample/dart_blue_spectrum.png> <./sample/dar
t_square_spectrum.png> <./sample/dart_twisted_spectrum.png> <./sample/dart_cros
s_spectrum.png> <./sample/WBN_blue.pdf> <./sample/wbn_square.pdf> <./sample/wbn
_twisted.pdf> <./sample/wbn_cross.pdf> <./sample/WBN_blue_spectrum.png> <./samp
le/wbn_square_spectrum.png> <./sample/wbn_twisted_spectrum.png> <./sample/wbn_c
ross_spectrum.png>]
Underfull \hbox (badness 10000) in paragraph at lines 762--767

 []

File: logos/logo_ENS.jpg Graphic file (type jpg)
<use logos/logo_ENS.jpg>
Package pdftex.def Info: logos/logo_ENS.jpg  used on input line 772.
(pdftex.def)             Requested size: 109.12299pt x 40.74045pt.
File: logos/logo_MPI-INF.png Graphic file (type png)
<use logos/logo_MPI-INF.png>
Package pdftex.def Info: logos/logo_MPI-INF.png  used on input line 772.
(pdftex.def)             Requested size: 92.21555pt x 41.10178pt.
[17 <./sample/rbn_blue.pdf> <./sample/rbn_square.pdf> <./sample/rbn_twisted.pdf
> <./sample/rbn_cross.pdf> <./sample/rbn_blue_spectrum.png> <./sample/rbn_squar
e_spectrum.png> <./sample/rbn_twisted_spectrum.png> <./sample/rbn_cross_spectru
m.png>]
Overfull \hbox (9.6826pt too wide) in paragraph at lines 777--781
[]\T1/cmr/m/n/12 I then used the Slice Op-ti-mal Trans-port method, and pro-duc
e sam-ples with anisotropic
 []

LaTeX Font Info:    Trying to load font information for T1+cmtt on input line 7
96.
(/usr/local/texlive/2021/texmf-dist/tex/latex/base/t1cmtt.fd
File: t1cmtt.fd 2019/12/16 v2.5j Standard LaTeX font definitions
)
File: logos/logo_ENS.jpg Graphic file (type jpg)
<use logos/logo_ENS.jpg>
Package pdftex.def Info: logos/logo_ENS.jpg  used on input line 796.
(pdftex.def)             Requested size: 109.12299pt x 40.74045pt.
File: logos/logo_MPI-INF.png Graphic file (type png)
<use logos/logo_MPI-INF.png>
Package pdftex.def Info: logos/logo_MPI-INF.png  used on input line 796.
(pdftex.def)             Requested size: 92.21555pt x 41.10178pt.
 [18]
File: logos/logo_ENS.jpg Graphic file (type jpg)
<use logos/logo_ENS.jpg>
Package pdftex.def Info: logos/logo_ENS.jpg  used on input line 798.
(pdftex.def)             Requested size: 109.12299pt x 40.74045pt.
File: logos/logo_MPI-INF.png Graphic file (type png)
<use logos/logo_MPI-INF.png>
Package pdftex.def Info: logos/logo_MPI-INF.png  used on input line 798.
(pdftex.def)             Requested size: 92.21555pt x 41.10178pt.
 [19]
File: logos/logo_ENS.jpg Graphic file (type jpg)
<use logos/logo_ENS.jpg>
Package pdftex.def Info: logos/logo_ENS.jpg  used on input line 849.
(pdftex.def)             Requested size: 109.12299pt x 40.74045pt.
File: logos/logo_MPI-INF.png Graphic file (type png)
<use logos/logo_MPI-INF.png>
Package pdftex.def Info: logos/logo_MPI-INF.png  used on input line 849.
(pdftex.def)             Requested size: 92.21555pt x 41.10178pt.

[20]
File: logos/logo_ENS.jpg Graphic file (type jpg)
<use logos/logo_ENS.jpg>
Package pdftex.def Info: logos/logo_ENS.jpg  used on input line 876.
(pdftex.def)             Requested size: 109.12299pt x 40.74045pt.
File: logos/logo_MPI-INF.png Graphic file (type png)
<use logos/logo_MPI-INF.png>
Package pdftex.def Info: logos/logo_MPI-INF.png  used on input line 876.
(pdftex.def)             Requested size: 92.21555pt x 41.10178pt.
 [21]
Package hyperref Info: bookmark level for unknown algorithm defaults to 0 on in
put line 910.
File: logos/logo_ENS.jpg Graphic file (type jpg)
<use logos/logo_ENS.jpg>
Package pdftex.def Info: logos/logo_ENS.jpg  used on input line 935.
(pdftex.def)             Requested size: 109.12299pt x 40.74045pt.
File: logos/logo_MPI-INF.png Graphic file (type png)
<use logos/logo_MPI-INF.png>
Package pdftex.def Info: logos/logo_MPI-INF.png  used on input line 935.
(pdftex.def)             Requested size: 92.21555pt x 41.10178pt.
 [22]
File: logos/logo_ENS.jpg Graphic file (type jpg)
<use logos/logo_ENS.jpg>
Package pdftex.def Info: logos/logo_ENS.jpg  used on input line 965.
(pdftex.def)             Requested size: 109.12299pt x 40.74045pt.
File: logos/logo_MPI-INF.png Graphic file (type png)
<use logos/logo_MPI-INF.png>
Package pdftex.def Info: logos/logo_MPI-INF.png  used on input line 965.
(pdftex.def)             Requested size: 92.21555pt x 41.10178pt.
 [23]
<schema/schema_square.png, id=802, 841.1425pt x 704.6325pt>
File: schema/schema_square.png Graphic file (type png)
<use schema/schema_square.png>
Package pdftex.def Info: schema/schema_square.png  used on input line 986.
(pdftex.def)             Requested size: 312.9803pt x 262.18295pt.
File: logos/logo_ENS.jpg Graphic file (type jpg)
<use logos/logo_ENS.jpg>
Package pdftex.def Info: logos/logo_ENS.jpg  used on input line 1010.
(pdftex.def)             Requested size: 109.12299pt x 40.74045pt.
File: logos/logo_MPI-INF.png Graphic file (type png)
<use logos/logo_MPI-INF.png>
Package pdftex.def Info: logos/logo_MPI-INF.png  used on input line 1010.
(pdftex.def)             Requested size: 92.21555pt x 41.10178pt.
 [24 <./schema/schema_square.png>]
\openout4 = `./transscr.sh'.



Package pdftricks2 Warning: ****************************************
(pdftricks2)                You have to make `./transscr.sh'
(pdftricks2)                executable and run it. ****************************
************.

File: logos/logo_ENS.jpg Graphic file (type jpg)
<use logos/logo_ENS.jpg>
Package pdftex.def Info: logos/logo_ENS.jpg  used on input line 1011.
(pdftex.def)             Requested size: 109.12299pt x 40.74045pt.
File: logos/logo_MPI-INF.png Graphic file (type png)
<use logos/logo_MPI-INF.png>
Package pdftex.def Info: logos/logo_MPI-INF.png  used on input line 1011.
(pdftex.def)             Requested size: 92.21555pt x 41.10178pt.
[25] (./rapport.aux)
Package rerunfilecheck Info: File `rapport.out' has not changed.
(rerunfilecheck)             Checksum: 4C143B22792AEE0023898A3FC76339FD;7702.
Package logreq Info: Writing requests to 'rapport.run.xml'.
\openout1 = `rapport.run.xml'.

 ) 
Here is how much of TeX's memory you used:
 34035 strings out of 478994
 620889 string characters out of 5858183
 1444226 words of memory out of 5000000
 50840 multiletter control sequences out of 15000+600000
 420586 words of font info for 69 fonts, out of 8000000 for 9000
 1141 hyphenation exceptions out of 8191
 128i,18n,130p,1883b,2462s stack positions out of 5000i,500n,10000p,200000b,80000s
{/usr/local/texlive/2021/texmf-dist/fonts/enc/dvips/cm-super/cm-super-t1.enc}
{/usr/local/texlive/2021/texmf-dist/fonts/enc/dvips/cm-super/cm-super-ts1.enc}<
/usr/local/texlive/2021/texmf-dist/fonts/type1/public/amsfonts/cm/cmex10.pfb></
usr/local/texlive/2021/texmf-dist/fonts/type1/public/amsfonts/cm/cmmi12.pfb></u
sr/local/texlive/2021/texmf-dist/fonts/type1/public/amsfonts/cm/cmmi6.pfb></usr
/local/texlive/2021/texmf-dist/fonts/type1/public/amsfonts/cm/cmmi8.pfb></usr/l
ocal/texlive/2021/texmf-dist/fonts/type1/public/amsfonts/cm/cmr12.pfb></usr/loc
al/texlive/2021/texmf-dist/fonts/type1/public/amsfonts/cm/cmr6.pfb></usr/local/
texlive/2021/texmf-dist/fonts/type1/public/amsfonts/cm/cmr8.pfb></usr/local/tex
live/2021/texmf-dist/fonts/type1/public/amsfonts/cm/cmsy10.pfb></usr/local/texl
ive/2021/texmf-dist/fonts/type1/public/amsfonts/cm/cmsy6.pfb></usr/local/texliv
e/2021/texmf-dist/fonts/type1/public/amsfonts/cm/cmsy8.pfb></usr/local/texlive/
2021/texmf-dist/fonts/type1/public/amsfonts/symbols/msbm10.pfb></usr/local/texl
ive/2021/texmf-dist/fonts/type1/public/cm-super/sfbx0800.pfb></usr/local/texliv
e/2021/texmf-dist/fonts/type1/public/cm-super/sfbx1200.pfb></usr/local/texlive/
2021/texmf-dist/fonts/type1/public/cm-super/sfbx1440.pfb></usr/local/texlive/20
21/texmf-dist/fonts/type1/public/cm-super/sfbx1728.pfb></usr/local/texlive/2021
/texmf-dist/fonts/type1/public/cm-super/sfcc1200.pfb></usr/local/texlive/2021/t
exmf-dist/fonts/type1/public/cm-super/sfrm1000.pfb></usr/local/texlive/2021/tex
mf-dist/fonts/type1/public/cm-super/sfrm1200.pfb></usr/local/texlive/2021/texmf
-dist/fonts/type1/public/cm-super/sfti1200.pfb></usr/local/texlive/2021/texmf-d
ist/fonts/type1/public/cm-super/sftt1200.pfb></usr/local/texlive/2021/texmf-dis
t/fonts/type1/public/stmaryrd/stmary10.pfb>
Output written on rapport.pdf (25 pages, 9197279 bytes).
PDF statistics:
 909 PDF objects out of 1000 (max. 8388607)
 540 compressed objects within 6 object streams
 101 named destinations out of 1000 (max. 500000)
 766 words of extra memory for PDF output out of 10000 (max. 10000000)

